[ 2017-04-05T17:51:33+08:00 ] 127.0.0.1 127.0.0.1 GET /index.php/Admin/index
[ log ] kaoqin.com/index.php/Admin/index [运行时间：1.233070s][吞吐率：0.81req/s] [内存消耗：1,755.63kb] [文件加载：49]
[ info ] [ LANG ] F:\kaoqing\thinkphp\lang\zh-cn.php
[ info ] [ ROUTE ] array (
  'type' => 'module',
  'module' => 
  array (
    0 => 'Admin',
    1 => 'index',
    2 => NULL,
  ),
)
[ info ] [ HEADER ] array (
  'host' => 'kaoqin.com',
  'connection' => 'keep-alive',
  'accept' => 'text/html,application/xhtml+xml,application/xml;q=0.9,image/webp,*/*;q=0.8',
  'upgrade-insecure-requests' => '1',
  'user-agent' => 'Mozilla/5.0 (Windows NT 6.1; WOW64) AppleWebKit/537.36 (KHTML, like Gecko) Chrome/45.0.2454.101 Safari/537.36',
  'accept-encoding' => 'gzip, deflate, sdch',
  'accept-language' => 'zh-CN,zh;q=0.8',
  'cookie' => 'pgv_pvi=2373441536',
)
[ info ] [ PARAM ] array (
)
[ info ] [ SESSION ] INIT array (
  'id' => '',
  'var_session_id' => '',
  'prefix' => 'think',
  'type' => '',
  'auto_start' => true,
)
[ info ] [ LOG ] INIT File

---------------------------------------------------------------
[ 2017-04-05T17:51:33+08:00 ] 127.0.0.1 127.0.0.1 GET /index.php/admin/login.html
[ log ] kaoqin.com/index.php/admin/login.html [运行时间：0.271015s][吞吐率：3.69req/s] [内存消耗：1,745.09kb] [文件加载：48]
[ info ] [ LANG ] F:\kaoqing\thinkphp\lang\zh-cn.php
[ info ] [ ROUTE ] array (
  'type' => 'module',
  'module' => 
  array (
    0 => 'admin',
    1 => 'login',
    2 => NULL,
  ),
)
[ info ] [ HEADER ] array (
  'host' => 'kaoqin.com',
  'connection' => 'keep-alive',
  'accept' => 'text/html,application/xhtml+xml,application/xml;q=0.9,image/webp,*/*;q=0.8',
  'upgrade-insecure-requests' => '1',
  'user-agent' => 'Mozilla/5.0 (Windows NT 6.1; WOW64) AppleWebKit/537.36 (KHTML, like Gecko) Chrome/45.0.2454.101 Safari/537.36',
  'accept-encoding' => 'gzip, deflate, sdch',
  'accept-language' => 'zh-CN,zh;q=0.8',
  'cookie' => 'pgv_pvi=2373441536; PHPSESSID=a38ee4l0q2m21tljq2i7c4b1n0',
)
[ info ] [ PARAM ] array (
)
[ info ] [ SESSION ] INIT array (
  'id' => '',
  'var_session_id' => '',
  'prefix' => 'think',
  'type' => '',
  'auto_start' => true,
)
[ info ] [ RUN ] app\admin\controller\Login->index[ F:\kaoqing\application\admin\controller\Login.php ]
[ info ] [ VIEW ] ./public/static/admin/login\index.html [ array (
) ]
[ info ] [ LOG ] INIT File

---------------------------------------------------------------
[ 2017-04-05T17:51:36+08:00 ] 127.0.0.1 127.0.0.1 GET /index.php/admin/login.html
[ log ] kaoqin.com/index.php/admin/login.html [运行时间：0.030001s][吞吐率：33.33req/s] [内存消耗：1,744.93kb] [文件加载：48]
[ info ] [ LANG ] F:\kaoqing\thinkphp\lang\zh-cn.php
[ info ] [ ROUTE ] array (
  'type' => 'module',
  'module' => 
  array (
    0 => 'admin',
    1 => 'login',
    2 => NULL,
  ),
)
[ info ] [ HEADER ] array (
  'host' => 'kaoqin.com',
  'connection' => 'keep-alive',
  'user-agent' => 'Mozilla/5.0 (Windows NT 6.1; WOW64) AppleWebKit/537.36 (KHTML, like Gecko) Chrome/45.0.2454.101 Safari/537.36',
  'accept' => '*/*',
  'referer' => 'http://kaoqin.com/index.php/admin/login.html',
  'accept-encoding' => 'gzip, deflate, sdch',
  'accept-language' => 'zh-CN,zh;q=0.8',
  'cookie' => 'pgv_pvi=2373441536; PHPSESSID=a38ee4l0q2m21tljq2i7c4b1n0',
)
[ info ] [ PARAM ] array (
)
[ info ] [ SESSION ] INIT array (
  'id' => '',
  'var_session_id' => '',
  'prefix' => 'think',
  'type' => '',
  'auto_start' => true,
)
[ info ] [ RUN ] app\admin\controller\Login->index[ F:\kaoqing\application\admin\controller\Login.php ]
[ info ] [ VIEW ] ./public/static/admin/login\index.html [ array (
) ]
[ info ] [ LOG ] INIT File

---------------------------------------------------------------
[ 2017-04-05T17:51:46+08:00 ] 127.0.0.1 127.0.0.1 POST /index.php/Admin/login/index.html
[ log ] kaoqin.com/index.php/Admin/login/index.html [运行时间：0.659037s][吞吐率：1.52req/s] [内存消耗：2,461.95kb] [文件加载：56]
[ info ] [ LANG ] F:\kaoqing\thinkphp\lang\zh-cn.php
[ info ] [ ROUTE ] array (
  'type' => 'module',
  'module' => 
  array (
    0 => 'Admin',
    1 => 'login',
    2 => 'index',
  ),
)
[ info ] [ HEADER ] array (
  'host' => 'kaoqin.com',
  'connection' => 'keep-alive',
  'content-length' => '29',
  'cache-control' => 'max-age=0',
  'accept' => 'text/html,application/xhtml+xml,application/xml;q=0.9,image/webp,*/*;q=0.8',
  'origin' => 'http://kaoqin.com',
  'upgrade-insecure-requests' => '1',
  'user-agent' => 'Mozilla/5.0 (Windows NT 6.1; WOW64) AppleWebKit/537.36 (KHTML, like Gecko) Chrome/45.0.2454.101 Safari/537.36',
  'content-type' => 'application/x-www-form-urlencoded',
  'referer' => 'http://kaoqin.com/index.php/admin/login.html',
  'accept-encoding' => 'gzip, deflate',
  'accept-language' => 'zh-CN,zh;q=0.8',
  'cookie' => 'pgv_pvi=2373441536; PHPSESSID=a38ee4l0q2m21tljq2i7c4b1n0',
)
[ info ] [ PARAM ] array (
  'username' => 'admin',
  'password' => '12345',
)
[ info ] [ SESSION ] INIT array (
  'id' => '',
  'var_session_id' => '',
  'prefix' => 'think',
  'type' => '',
  'auto_start' => true,
)
[ info ] [ RUN ] app\admin\controller\Login->index[ F:\kaoqing\application\admin\controller\Login.php ]
[ info ] [ DB ] INIT mysql
[ info ] [ VIEW ] F:\kaoqing\thinkphp\tpl\dispatch_jump.tpl [ array (
  0 => 'code',
  1 => 'msg',
  2 => 'data',
  3 => 'url',
  4 => 'wait',
) ]
[ info ] [ LOG ] INIT File
[ sql ] [ DB ] CONNECT:[ UseTime:0.027001s ] mysql:dbname=kaoqin;host=139.199.182.250;port=3306;charset=utf8
[ sql ] [ SQL ] SHOW COLUMNS FROM `system_user` [ RunTime:0.034002s ]
[ sql ] [ SQL ] SELECT * FROM `system_user` WHERE  `username` = 'admin' LIMIT 1 [ RunTime:0.014001s ]

---------------------------------------------------------------
[ 2017-04-05T17:51:49+08:00 ] 127.0.0.1 127.0.0.1 GET /index.php/admin.html
[ log ] kaoqin.com/index.php/admin.html [运行时间：0.097006s][吞吐率：10.31req/s] [内存消耗：1,752.37kb] [文件加载：49]
[ info ] [ LANG ] F:\kaoqing\thinkphp\lang\zh-cn.php
[ info ] [ ROUTE ] array (
  'type' => 'module',
  'module' => 
  array (
    0 => 'admin',
    1 => NULL,
    2 => NULL,
  ),
)
[ info ] [ HEADER ] array (
  'host' => 'kaoqin.com',
  'connection' => 'keep-alive',
  'accept' => 'text/html,application/xhtml+xml,application/xml;q=0.9,image/webp,*/*;q=0.8',
  'upgrade-insecure-requests' => '1',
  'user-agent' => 'Mozilla/5.0 (Windows NT 6.1; WOW64) AppleWebKit/537.36 (KHTML, like Gecko) Chrome/45.0.2454.101 Safari/537.36',
  'referer' => 'http://kaoqin.com/index.php/Admin/login/index.html',
  'accept-encoding' => 'gzip, deflate, sdch',
  'accept-language' => 'zh-CN,zh;q=0.8',
  'cookie' => 'pgv_pvi=2373441536; PHPSESSID=a38ee4l0q2m21tljq2i7c4b1n0',
)
[ info ] [ PARAM ] array (
)
[ info ] [ SESSION ] INIT array (
  'id' => '',
  'var_session_id' => '',
  'prefix' => 'think',
  'type' => '',
  'auto_start' => true,
)
[ info ] [ RUN ] app\admin\controller\Index->index[ F:\kaoqing\application\admin\controller\Index.php ]
[ info ] [ VIEW ] ./public/static/admin/index\index.html [ array (
  0 => 'username',
  1 => 'isAdmin',
  2 => 'classuri',
) ]
[ info ] [ LOG ] INIT File

---------------------------------------------------------------
[ 2017-04-05T17:51:50+08:00 ] 127.0.0.1 127.0.0.1 GET /index.php/admin.html
[ log ] kaoqin.com/index.php/admin.html [运行时间：0.026001s][吞吐率：38.46req/s] [内存消耗：1,752.08kb] [文件加载：49]
[ info ] [ LANG ] F:\kaoqing\thinkphp\lang\zh-cn.php
[ info ] [ ROUTE ] array (
  'type' => 'module',
  'module' => 
  array (
    0 => 'admin',
    1 => NULL,
    2 => NULL,
  ),
)
[ info ] [ HEADER ] array (
  'host' => 'kaoqin.com',
  'connection' => 'keep-alive',
  'user-agent' => 'Mozilla/5.0 (Windows NT 6.1; WOW64) AppleWebKit/537.36 (KHTML, like Gecko) Chrome/45.0.2454.101 Safari/537.36',
  'accept' => '*/*',
  'referer' => 'http://kaoqin.com/index.php/admin.html',
  'accept-encoding' => 'gzip, deflate, sdch',
  'accept-language' => 'zh-CN,zh;q=0.8',
  'cookie' => 'pgv_pvi=2373441536; PHPSESSID=a38ee4l0q2m21tljq2i7c4b1n0',
)
[ info ] [ PARAM ] array (
)
[ info ] [ SESSION ] INIT array (
  'id' => '',
  'var_session_id' => '',
  'prefix' => 'think',
  'type' => '',
  'auto_start' => true,
)
[ info ] [ RUN ] app\admin\controller\Index->index[ F:\kaoqing\application\admin\controller\Index.php ]
[ info ] [ VIEW ] ./public/static/admin/index\index.html [ array (
  0 => 'username',
  1 => 'isAdmin',
  2 => 'classuri',
) ]
[ info ] [ LOG ] INIT File

---------------------------------------------------------------
[ 2017-04-05T17:51:54+08:00 ] 127.0.0.1 127.0.0.1 GET /index.php/Admin/dept/deptlist.html
[ log ] kaoqin.com/index.php/Admin/dept/deptlist.html [运行时间：0.341019s][吞吐率：2.93req/s] [内存消耗：2,590.84kb] [文件加载：59]
[ info ] [ LANG ] F:\kaoqing\thinkphp\lang\zh-cn.php
[ info ] [ ROUTE ] array (
  'type' => 'module',
  'module' => 
  array (
    0 => 'Admin',
    1 => 'dept',
    2 => 'deptlist',
  ),
)
[ info ] [ HEADER ] array (
  'host' => 'kaoqin.com',
  'connection' => 'keep-alive',
  'accept' => 'text/html,application/xhtml+xml,application/xml;q=0.9,image/webp,*/*;q=0.8',
  'upgrade-insecure-requests' => '1',
  'user-agent' => 'Mozilla/5.0 (Windows NT 6.1; WOW64) AppleWebKit/537.36 (KHTML, like Gecko) Chrome/45.0.2454.101 Safari/537.36',
  'referer' => 'http://kaoqin.com/index.php/admin.html',
  'accept-encoding' => 'gzip, deflate, sdch',
  'accept-language' => 'zh-CN,zh;q=0.8',
  'cookie' => 'pgv_pvi=2373441536; PHPSESSID=a38ee4l0q2m21tljq2i7c4b1n0',
)
[ info ] [ PARAM ] array (
)
[ info ] [ SESSION ] INIT array (
  'id' => '',
  'var_session_id' => '',
  'prefix' => 'think',
  'type' => '',
  'auto_start' => true,
)
[ info ] [ RUN ] app\admin\controller\Dept->deptList[ F:\kaoqing\application\admin\controller\Dept.php ]
[ info ] [ DB ] INIT mysql
[ info ] [ VIEW ] ./public/static/admin/dept\deptlist.html [ array (
  0 => 'username',
  1 => 'isAdmin',
  2 => 'classuri',
  3 => 'depts',
) ]
[ info ] [ LOG ] INIT File
[ sql ] [ DB ] CONNECT:[ UseTime:0.022002s ] mysql:dbname=kaoqin;host=139.199.182.250;port=3306;charset=utf8
[ sql ] [ SQL ] SHOW COLUMNS FROM `dept` [ RunTime:0.014000s ]
[ sql ] [ SQL ] SELECT COUNT(*) AS tp_count FROM ( SELECT count(*) FROM `dept` `d` LEFT JOIN `employee` `e` ON `e`.`dId`=`d`.`dId` WHERE  `d`.`isDel` = 0 GROUP BY d.dId ) `_group_count_` LIMIT 1 [ RunTime:0.014001s ]
[ sql ] [ SQL ] SELECT `d`.`dId`,`d`.`dName`,`d`.`description`,count(e.eId) as sum FROM `dept` `d` LEFT JOIN `employee` `e` ON `e`.`dId`=`d`.`dId` WHERE  `d`.`isDel` = 0 GROUP BY d.dId LIMIT 0,5 [ RunTime:0.012001s ]

---------------------------------------------------------------
[ 2017-04-05T17:51:54+08:00 ] 127.0.0.1 127.0.0.1 GET /index.php/Admin/dept/deptlist.html
[ log ] kaoqin.com/index.php/Admin/dept/deptlist.html [运行时间：0.091005s][吞吐率：10.99req/s] [内存消耗：2,590.48kb] [文件加载：59]
[ info ] [ LANG ] F:\kaoqing\thinkphp\lang\zh-cn.php
[ info ] [ ROUTE ] array (
  'type' => 'module',
  'module' => 
  array (
    0 => 'Admin',
    1 => 'dept',
    2 => 'deptlist',
  ),
)
[ info ] [ HEADER ] array (
  'host' => 'kaoqin.com',
  'connection' => 'keep-alive',
  'user-agent' => 'Mozilla/5.0 (Windows NT 6.1; WOW64) AppleWebKit/537.36 (KHTML, like Gecko) Chrome/45.0.2454.101 Safari/537.36',
  'accept' => '*/*',
  'referer' => 'http://kaoqin.com/index.php/Admin/dept/deptlist.html',
  'accept-encoding' => 'gzip, deflate, sdch',
  'accept-language' => 'zh-CN,zh;q=0.8',
  'cookie' => 'pgv_pvi=2373441536; PHPSESSID=a38ee4l0q2m21tljq2i7c4b1n0',
)
[ info ] [ PARAM ] array (
)
[ info ] [ SESSION ] INIT array (
  'id' => '',
  'var_session_id' => '',
  'prefix' => 'think',
  'type' => '',
  'auto_start' => true,
)
[ info ] [ RUN ] app\admin\controller\Dept->deptList[ F:\kaoqing\application\admin\controller\Dept.php ]
[ info ] [ DB ] INIT mysql
[ info ] [ VIEW ] ./public/static/admin/dept\deptlist.html [ array (
  0 => 'username',
  1 => 'isAdmin',
  2 => 'classuri',
  3 => 'depts',
) ]
[ info ] [ LOG ] INIT File
[ sql ] [ DB ] CONNECT:[ UseTime:0.017001s ] mysql:dbname=kaoqin;host=139.199.182.250;port=3306;charset=utf8
[ sql ] [ SQL ] SHOW COLUMNS FROM `dept` [ RunTime:0.011001s ]
[ sql ] [ SQL ] SELECT COUNT(*) AS tp_count FROM ( SELECT count(*) FROM `dept` `d` LEFT JOIN `employee` `e` ON `e`.`dId`=`d`.`dId` WHERE  `d`.`isDel` = 0 GROUP BY d.dId ) `_group_count_` LIMIT 1 [ RunTime:0.011000s ]
[ sql ] [ SQL ] SELECT `d`.`dId`,`d`.`dName`,`d`.`description`,count(e.eId) as sum FROM `dept` `d` LEFT JOIN `employee` `e` ON `e`.`dId`=`d`.`dId` WHERE  `d`.`isDel` = 0 GROUP BY d.dId LIMIT 0,5 [ RunTime:0.011001s ]

---------------------------------------------------------------
[ 2017-04-05T17:51:56+08:00 ] 127.0.0.1 127.0.0.1 GET /index.php/Admin/adv/index.html
[ log ] kaoqin.com/index.php/Admin/adv/index.html [运行时间：0.233013s][吞吐率：4.29req/s] [内存消耗：2,592.13kb] [文件加载：59]
[ info ] [ LANG ] F:\kaoqing\thinkphp\lang\zh-cn.php
[ info ] [ ROUTE ] array (
  'type' => 'module',
  'module' => 
  array (
    0 => 'Admin',
    1 => 'adv',
    2 => 'index',
  ),
)
[ info ] [ HEADER ] array (
  'host' => 'kaoqin.com',
  'connection' => 'keep-alive',
  'accept' => 'text/html,application/xhtml+xml,application/xml;q=0.9,image/webp,*/*;q=0.8',
  'upgrade-insecure-requests' => '1',
  'user-agent' => 'Mozilla/5.0 (Windows NT 6.1; WOW64) AppleWebKit/537.36 (KHTML, like Gecko) Chrome/45.0.2454.101 Safari/537.36',
  'referer' => 'http://kaoqin.com/index.php/Admin/dept/deptlist.html',
  'accept-encoding' => 'gzip, deflate, sdch',
  'accept-language' => 'zh-CN,zh;q=0.8',
  'cookie' => 'pgv_pvi=2373441536; PHPSESSID=a38ee4l0q2m21tljq2i7c4b1n0',
)
[ info ] [ PARAM ] array (
)
[ info ] [ SESSION ] INIT array (
  'id' => '',
  'var_session_id' => '',
  'prefix' => 'think',
  'type' => '',
  'auto_start' => true,
)
[ info ] [ RUN ] app\admin\controller\Adv->index[ F:\kaoqing\application\admin\controller\Adv.php ]
[ info ] [ DB ] INIT mysql
[ info ] [ VIEW ] ./public/static/admin/adv\index.html [ array (
  0 => 'username',
  1 => 'isAdmin',
  2 => 'classuri',
  3 => 'advs',
) ]
[ info ] [ LOG ] INIT File
[ sql ] [ DB ] CONNECT:[ UseTime:0.022002s ] mysql:dbname=kaoqin;host=139.199.182.250;port=3306;charset=utf8
[ sql ] [ SQL ] SHOW COLUMNS FROM `adv` [ RunTime:0.013000s ]
[ sql ] [ SQL ] SELECT COUNT(*) AS tp_count FROM `adv` WHERE  `isDel` = 0 LIMIT 1 [ RunTime:0.012001s ]
[ sql ] [ SQL ] SELECT * FROM `adv` WHERE  `isDel` = 0 ORDER BY addTime desc LIMIT 0,10 [ RunTime:0.012001s ]

---------------------------------------------------------------
[ 2017-04-05T17:51:57+08:00 ] 127.0.0.1 127.0.0.1 GET /index.php/Admin/adv/index.html
[ log ] kaoqin.com/index.php/Admin/adv/index.html [运行时间：0.092005s][吞吐率：10.87req/s] [内存消耗：2,591.77kb] [文件加载：59]
[ info ] [ LANG ] F:\kaoqing\thinkphp\lang\zh-cn.php
[ info ] [ ROUTE ] array (
  'type' => 'module',
  'module' => 
  array (
    0 => 'Admin',
    1 => 'adv',
    2 => 'index',
  ),
)
[ info ] [ HEADER ] array (
  'host' => 'kaoqin.com',
  'connection' => 'keep-alive',
  'user-agent' => 'Mozilla/5.0 (Windows NT 6.1; WOW64) AppleWebKit/537.36 (KHTML, like Gecko) Chrome/45.0.2454.101 Safari/537.36',
  'accept' => '*/*',
  'referer' => 'http://kaoqin.com/index.php/Admin/adv/index.html',
  'accept-encoding' => 'gzip, deflate, sdch',
  'accept-language' => 'zh-CN,zh;q=0.8',
  'cookie' => 'pgv_pvi=2373441536; PHPSESSID=a38ee4l0q2m21tljq2i7c4b1n0',
)
[ info ] [ PARAM ] array (
)
[ info ] [ SESSION ] INIT array (
  'id' => '',
  'var_session_id' => '',
  'prefix' => 'think',
  'type' => '',
  'auto_start' => true,
)
[ info ] [ RUN ] app\admin\controller\Adv->index[ F:\kaoqing\application\admin\controller\Adv.php ]
[ info ] [ DB ] INIT mysql
[ info ] [ VIEW ] ./public/static/admin/adv\index.html [ array (
  0 => 'username',
  1 => 'isAdmin',
  2 => 'classuri',
  3 => 'advs',
) ]
[ info ] [ LOG ] INIT File
[ sql ] [ DB ] CONNECT:[ UseTime:0.019001s ] mysql:dbname=kaoqin;host=139.199.182.250;port=3306;charset=utf8
[ sql ] [ SQL ] SHOW COLUMNS FROM `adv` [ RunTime:0.010000s ]
[ sql ] [ SQL ] SELECT COUNT(*) AS tp_count FROM `adv` WHERE  `isDel` = 0 LIMIT 1 [ RunTime:0.009001s ]
[ sql ] [ SQL ] SELECT * FROM `adv` WHERE  `isDel` = 0 ORDER BY addTime desc LIMIT 0,10 [ RunTime:0.010000s ]

---------------------------------------------------------------
[ 2017-04-05T17:51:58+08:00 ] 127.0.0.1 127.0.0.1 GET /index.php/Admin/adv/detail
[ log ] kaoqin.com/index.php/Admin/adv/detail [运行时间：0.115007s][吞吐率：8.70req/s] [内存消耗：1,934.00kb] [文件加载：51]
[ info ] [ LANG ] F:\kaoqing\thinkphp\lang\zh-cn.php
[ info ] [ ROUTE ] array (
  'type' => 'module',
  'module' => 
  array (
    0 => 'Admin',
    1 => 'adv',
    2 => 'detail',
  ),
)
[ info ] [ HEADER ] array (
  'host' => 'kaoqin.com',
  'connection' => 'keep-alive',
  'accept' => 'text/html,application/xhtml+xml,application/xml;q=0.9,image/webp,*/*;q=0.8',
  'upgrade-insecure-requests' => '1',
  'user-agent' => 'Mozilla/5.0 (Windows NT 6.1; WOW64) AppleWebKit/537.36 (KHTML, like Gecko) Chrome/45.0.2454.101 Safari/537.36',
  'referer' => 'http://kaoqin.com/index.php/Admin/adv/index.html',
  'accept-encoding' => 'gzip, deflate, sdch',
  'accept-language' => 'zh-CN,zh;q=0.8',
  'cookie' => 'pgv_pvi=2373441536; PHPSESSID=a38ee4l0q2m21tljq2i7c4b1n0',
)
[ info ] [ PARAM ] array (
)
[ info ] [ SESSION ] INIT array (
  'id' => '',
  'var_session_id' => '',
  'prefix' => 'think',
  'type' => '',
  'auto_start' => true,
)
[ info ] [ RUN ] app\admin\controller\Adv->detail[ F:\kaoqing\application\admin\controller\Adv.php ]
[ info ] [ VIEW ] ./public/static/admin/adv\detail.html [ array (
  0 => 'username',
  1 => 'isAdmin',
  2 => 'classuri',
  3 => 'adv',
) ]
[ info ] [ LOG ] INIT File

---------------------------------------------------------------
[ 2017-04-05T17:51:58+08:00 ] 127.0.0.1 127.0.0.1 GET /index.php/Admin/adv/js/bootstrap-wysihtml5/wysiwyg-color.css
[ log ] kaoqin.com/index.php/Admin/adv/js/bootstrap-wysihtml5/wysiwyg-color.css [运行时间：0.124007s][吞吐率：8.06req/s] [内存消耗：1,726.06kb] [文件加载：49]
[ info ] [ LANG ] F:\kaoqing\thinkphp\lang\zh-cn.php
[ info ] [ ROUTE ] array (
  'type' => 'module',
  'module' => 
  array (
    0 => 'Admin',
    1 => 'adv',
    2 => 'js',
  ),
)
[ info ] [ HEADER ] array (
  'host' => 'kaoqin.com',
  'connection' => 'keep-alive',
  'accept' => 'text/css,*/*;q=0.1',
  'user-agent' => 'Mozilla/5.0 (Windows NT 6.1; WOW64) AppleWebKit/537.36 (KHTML, like Gecko) Chrome/45.0.2454.101 Safari/537.36',
  'referer' => 'http://kaoqin.com/index.php/Admin/adv/detail',
  'accept-encoding' => 'gzip, deflate, sdch',
  'accept-language' => 'zh-CN,zh;q=0.8',
  'cookie' => 'pgv_pvi=2373441536; PHPSESSID=a38ee4l0q2m21tljq2i7c4b1n0',
)
[ info ] [ PARAM ] array (
  'wysihtml5' => 'wysiwyg-color.css',
)
[ info ] [ SESSION ] INIT array (
  'id' => '',
  'var_session_id' => '',
  'prefix' => 'think',
  'type' => '',
  'auto_start' => true,
)
[ info ] [ LOG ] INIT File

---------------------------------------------------------------
[ 2017-04-05T17:51:58+08:00 ] 127.0.0.1 127.0.0.1 GET /index.php/Admin/adv/detail
[ log ] kaoqin.com/index.php/Admin/adv/detail [运行时间：0.037002s][吞吐率：27.03req/s] [内存消耗：1,762.99kb] [文件加载：49]
[ info ] [ LANG ] F:\kaoqing\thinkphp\lang\zh-cn.php
[ info ] [ ROUTE ] array (
  'type' => 'module',
  'module' => 
  array (
    0 => 'Admin',
    1 => 'adv',
    2 => 'detail',
  ),
)
[ info ] [ HEADER ] array (
  'host' => 'kaoqin.com',
  'connection' => 'keep-alive',
  'user-agent' => 'Mozilla/5.0 (Windows NT 6.1; WOW64) AppleWebKit/537.36 (KHTML, like Gecko) Chrome/45.0.2454.101 Safari/537.36',
  'accept' => '*/*',
  'referer' => 'http://kaoqin.com/index.php/Admin/adv/detail',
  'accept-encoding' => 'gzip, deflate, sdch',
  'accept-language' => 'zh-CN,zh;q=0.8',
  'cookie' => 'pgv_pvi=2373441536; PHPSESSID=a38ee4l0q2m21tljq2i7c4b1n0',
)
[ info ] [ PARAM ] array (
)
[ info ] [ SESSION ] INIT array (
  'id' => '',
  'var_session_id' => '',
  'prefix' => 'think',
  'type' => '',
  'auto_start' => true,
)
[ info ] [ RUN ] app\admin\controller\Adv->detail[ F:\kaoqing\application\admin\controller\Adv.php ]
[ info ] [ VIEW ] ./public/static/admin/adv\detail.html [ array (
  0 => 'username',
  1 => 'isAdmin',
  2 => 'classuri',
  3 => 'adv',
) ]
[ info ] [ LOG ] INIT File

---------------------------------------------------------------
[ 2017-04-05T17:52:00+08:00 ] 127.0.0.1 127.0.0.1 GET /index.php/Admin/user/userlist.html
[ log ] kaoqin.com/index.php/Admin/user/userlist.html [运行时间：0.205012s][吞吐率：4.88req/s] [内存消耗：2,600.41kb] [文件加载：59]
[ info ] [ LANG ] F:\kaoqing\thinkphp\lang\zh-cn.php
[ info ] [ ROUTE ] array (
  'type' => 'module',
  'module' => 
  array (
    0 => 'Admin',
    1 => 'user',
    2 => 'userlist',
  ),
)
[ info ] [ HEADER ] array (
  'host' => 'kaoqin.com',
  'connection' => 'keep-alive',
  'accept' => 'text/html,application/xhtml+xml,application/xml;q=0.9,image/webp,*/*;q=0.8',
  'upgrade-insecure-requests' => '1',
  'user-agent' => 'Mozilla/5.0 (Windows NT 6.1; WOW64) AppleWebKit/537.36 (KHTML, like Gecko) Chrome/45.0.2454.101 Safari/537.36',
  'referer' => 'http://kaoqin.com/index.php/Admin/adv/detail',
  'accept-encoding' => 'gzip, deflate, sdch',
  'accept-language' => 'zh-CN,zh;q=0.8',
  'cookie' => 'pgv_pvi=2373441536; PHPSESSID=a38ee4l0q2m21tljq2i7c4b1n0',
)
[ info ] [ PARAM ] array (
)
[ info ] [ SESSION ] INIT array (
  'id' => '',
  'var_session_id' => '',
  'prefix' => 'think',
  'type' => '',
  'auto_start' => true,
)
[ info ] [ RUN ] app\admin\controller\User->userlist[ F:\kaoqing\application\admin\controller\User.php ]
[ info ] [ DB ] INIT mysql
[ info ] [ VIEW ] ./public/static/admin/user\userlist.html [ array (
  0 => 'username',
  1 => 'isAdmin',
  2 => 'classuri',
  3 => 'users',
) ]
[ info ] [ LOG ] INIT File
[ sql ] [ DB ] CONNECT:[ UseTime:0.019001s ] mysql:dbname=kaoqin;host=139.199.182.250;port=3306;charset=utf8
[ sql ] [ SQL ] SHOW COLUMNS FROM `system_user` [ RunTime:0.011001s ]
[ sql ] [ SQL ] SELECT COUNT(*) AS tp_count FROM `system_user` WHERE  `status` = 1 LIMIT 1 [ RunTime:0.010000s ]
[ sql ] [ SQL ] SELECT * FROM `system_user` WHERE  `status` = 1 LIMIT 0,3 [ RunTime:0.010001s ]

---------------------------------------------------------------
[ 2017-04-05T17:52:01+08:00 ] 127.0.0.1 127.0.0.1 GET /index.php/Admin/user/userlist.html
[ log ] kaoqin.com/index.php/Admin/user/userlist.html [运行时间：0.096005s][吞吐率：10.42req/s] [内存消耗：2,600.09kb] [文件加载：59]
[ info ] [ LANG ] F:\kaoqing\thinkphp\lang\zh-cn.php
[ info ] [ ROUTE ] array (
  'type' => 'module',
  'module' => 
  array (
    0 => 'Admin',
    1 => 'user',
    2 => 'userlist',
  ),
)
[ info ] [ HEADER ] array (
  'host' => 'kaoqin.com',
  'connection' => 'keep-alive',
  'user-agent' => 'Mozilla/5.0 (Windows NT 6.1; WOW64) AppleWebKit/537.36 (KHTML, like Gecko) Chrome/45.0.2454.101 Safari/537.36',
  'accept' => '*/*',
  'referer' => 'http://kaoqin.com/index.php/Admin/user/userlist.html',
  'accept-encoding' => 'gzip, deflate, sdch',
  'accept-language' => 'zh-CN,zh;q=0.8',
  'cookie' => 'pgv_pvi=2373441536; PHPSESSID=a38ee4l0q2m21tljq2i7c4b1n0',
)
[ info ] [ PARAM ] array (
)
[ info ] [ SESSION ] INIT array (
  'id' => '',
  'var_session_id' => '',
  'prefix' => 'think',
  'type' => '',
  'auto_start' => true,
)
[ info ] [ RUN ] app\admin\controller\User->userlist[ F:\kaoqing\application\admin\controller\User.php ]
[ info ] [ DB ] INIT mysql
[ info ] [ VIEW ] ./public/static/admin/user\userlist.html [ array (
  0 => 'username',
  1 => 'isAdmin',
  2 => 'classuri',
  3 => 'users',
) ]
[ info ] [ LOG ] INIT File
[ sql ] [ DB ] CONNECT:[ UseTime:0.021001s ] mysql:dbname=kaoqin;host=139.199.182.250;port=3306;charset=utf8
[ sql ] [ SQL ] SHOW COLUMNS FROM `system_user` [ RunTime:0.011001s ]
[ sql ] [ SQL ] SELECT COUNT(*) AS tp_count FROM `system_user` WHERE  `status` = 1 LIMIT 1 [ RunTime:0.011000s ]
[ sql ] [ SQL ] SELECT * FROM `system_user` WHERE  `status` = 1 LIMIT 0,3 [ RunTime:0.011001s ]

---------------------------------------------------------------
[ 2017-04-05T17:52:05+08:00 ] 127.0.0.1 127.0.0.1 GET /index.php/Admin/user/userlist.html
[ log ] kaoqin.com/index.php/Admin/user/userlist.html [运行时间：0.111006s][吞吐率：9.01req/s] [内存消耗：2,600.37kb] [文件加载：59]
[ info ] [ LANG ] F:\kaoqing\thinkphp\lang\zh-cn.php
[ info ] [ ROUTE ] array (
  'type' => 'module',
  'module' => 
  array (
    0 => 'Admin',
    1 => 'user',
    2 => 'userlist',
  ),
)
[ info ] [ HEADER ] array (
  'host' => 'kaoqin.com',
  'connection' => 'keep-alive',
  'accept' => 'text/html,application/xhtml+xml,application/xml;q=0.9,image/webp,*/*;q=0.8',
  'upgrade-insecure-requests' => '1',
  'user-agent' => 'Mozilla/5.0 (Windows NT 6.1; WOW64) AppleWebKit/537.36 (KHTML, like Gecko) Chrome/45.0.2454.101 Safari/537.36',
  'referer' => 'http://kaoqin.com/index.php/Admin/user/userlist.html',
  'accept-encoding' => 'gzip, deflate, sdch',
  'accept-language' => 'zh-CN,zh;q=0.8',
  'cookie' => 'pgv_pvi=2373441536; PHPSESSID=a38ee4l0q2m21tljq2i7c4b1n0',
)
[ info ] [ PARAM ] array (
)
[ info ] [ SESSION ] INIT array (
  'id' => '',
  'var_session_id' => '',
  'prefix' => 'think',
  'type' => '',
  'auto_start' => true,
)
[ info ] [ RUN ] app\admin\controller\User->userlist[ F:\kaoqing\application\admin\controller\User.php ]
[ info ] [ DB ] INIT mysql
[ info ] [ VIEW ] ./public/static/admin/user\userlist.html [ array (
  0 => 'username',
  1 => 'isAdmin',
  2 => 'classuri',
  3 => 'users',
) ]
[ info ] [ LOG ] INIT File
[ sql ] [ DB ] CONNECT:[ UseTime:0.017001s ] mysql:dbname=kaoqin;host=139.199.182.250;port=3306;charset=utf8
[ sql ] [ SQL ] SHOW COLUMNS FROM `system_user` [ RunTime:0.012000s ]
[ sql ] [ SQL ] SELECT COUNT(*) AS tp_count FROM `system_user` WHERE  `status` = 1 LIMIT 1 [ RunTime:0.014001s ]
[ sql ] [ SQL ] SELECT * FROM `system_user` WHERE  `status` = 1 LIMIT 0,3 [ RunTime:0.012001s ]

---------------------------------------------------------------
[ 2017-04-05T17:52:05+08:00 ] 127.0.0.1 127.0.0.1 GET /index.php/Admin/user/userlist.html
[ log ] kaoqin.com/index.php/Admin/user/userlist.html [运行时间：0.088005s][吞吐率：11.36req/s] [内存消耗：2,600.09kb] [文件加载：59]
[ info ] [ LANG ] F:\kaoqing\thinkphp\lang\zh-cn.php
[ info ] [ ROUTE ] array (
  'type' => 'module',
  'module' => 
  array (
    0 => 'Admin',
    1 => 'user',
    2 => 'userlist',
  ),
)
[ info ] [ HEADER ] array (
  'host' => 'kaoqin.com',
  'connection' => 'keep-alive',
  'user-agent' => 'Mozilla/5.0 (Windows NT 6.1; WOW64) AppleWebKit/537.36 (KHTML, like Gecko) Chrome/45.0.2454.101 Safari/537.36',
  'accept' => '*/*',
  'referer' => 'http://kaoqin.com/index.php/Admin/user/userlist.html',
  'accept-encoding' => 'gzip, deflate, sdch',
  'accept-language' => 'zh-CN,zh;q=0.8',
  'cookie' => 'pgv_pvi=2373441536; PHPSESSID=a38ee4l0q2m21tljq2i7c4b1n0',
)
[ info ] [ PARAM ] array (
)
[ info ] [ SESSION ] INIT array (
  'id' => '',
  'var_session_id' => '',
  'prefix' => 'think',
  'type' => '',
  'auto_start' => true,
)
[ info ] [ RUN ] app\admin\controller\User->userlist[ F:\kaoqing\application\admin\controller\User.php ]
[ info ] [ DB ] INIT mysql
[ info ] [ VIEW ] ./public/static/admin/user\userlist.html [ array (
  0 => 'username',
  1 => 'isAdmin',
  2 => 'classuri',
  3 => 'users',
) ]
[ info ] [ LOG ] INIT File
[ sql ] [ DB ] CONNECT:[ UseTime:0.015001s ] mysql:dbname=kaoqin;host=139.199.182.250;port=3306;charset=utf8
[ sql ] [ SQL ] SHOW COLUMNS FROM `system_user` [ RunTime:0.012001s ]
[ sql ] [ SQL ] SELECT COUNT(*) AS tp_count FROM `system_user` WHERE  `status` = 1 LIMIT 1 [ RunTime:0.010000s ]
[ sql ] [ SQL ] SELECT * FROM `system_user` WHERE  `status` = 1 LIMIT 0,3 [ RunTime:0.011001s ]

---------------------------------------------------------------
