[ 2017-03-28T22:04:11+08:00 ] 127.0.0.1 127.0.0.1 GET /
[ log ] kaoqin.com/ [运行时间：1.121064s][吞吐率：0.89req/s] [内存消耗：1,713.89kb] [文件加载：49]
[ info ] [ LANG ] F:\kaoqing\thinkphp\lang\zh-cn.php
[ info ] [ ROUTE ] array (
  'type' => 'module',
  'module' => 
  array (
    0 => '',
    1 => NULL,
    2 => NULL,
  ),
)
[ info ] [ HEADER ] array (
  'host' => 'kaoqin.com',
  'connection' => 'keep-alive',
  'accept' => 'text/html,application/xhtml+xml,application/xml;q=0.9,image/webp,*/*;q=0.8',
  'upgrade-insecure-requests' => '1',
  'user-agent' => 'Mozilla/5.0 (Windows NT 6.1; WOW64) AppleWebKit/537.36 (KHTML, like Gecko) Chrome/45.0.2454.101 Safari/537.36',
  'accept-encoding' => 'gzip, deflate, sdch',
  'accept-language' => 'zh-CN,zh;q=0.8',
  'cookie' => 'pgv_pvi=2373441536; PHPSESSID=rqraslggd5otht34nbf0jl6453',
)
[ info ] [ PARAM ] array (
)
[ info ] [ SESSION ] INIT array (
  'id' => '',
  'var_session_id' => '',
  'prefix' => 'think',
  'type' => '',
  'auto_start' => true,
)
[ info ] [ RUN ] app\index\controller\Index->index[ F:\kaoqing\application\index\controller\Index.php ]
[ info ] [ VIEW ] ./public/static/index/index\index.html [ array (
  0 => 'user',
) ]
[ info ] [ LOG ] INIT File

---------------------------------------------------------------
[ 2017-03-28T22:04:39+08:00 ] 127.0.0.1 127.0.0.1 GET /
[ log ] kaoqin.com/ [运行时间：0.036003s][吞吐率：27.78req/s] [内存消耗：1,713.90kb] [文件加载：49]
[ info ] [ LANG ] F:\kaoqing\thinkphp\lang\zh-cn.php
[ info ] [ ROUTE ] array (
  'type' => 'module',
  'module' => 
  array (
    0 => '',
    1 => NULL,
    2 => NULL,
  ),
)
[ info ] [ HEADER ] array (
  'host' => 'kaoqin.com',
  'connection' => 'keep-alive',
  'accept' => 'text/html,application/xhtml+xml,application/xml;q=0.9,image/webp,*/*;q=0.8',
  'upgrade-insecure-requests' => '1',
  'user-agent' => 'Mozilla/5.0 (Windows NT 6.1; WOW64) AppleWebKit/537.36 (KHTML, like Gecko) Chrome/45.0.2454.101 Safari/537.36',
  'accept-encoding' => 'gzip, deflate, sdch',
  'accept-language' => 'zh-CN,zh;q=0.8',
  'cookie' => 'pgv_pvi=2373441536; PHPSESSID=rqraslggd5otht34nbf0jl6453',
)
[ info ] [ PARAM ] array (
)
[ info ] [ SESSION ] INIT array (
  'id' => '',
  'var_session_id' => '',
  'prefix' => 'think',
  'type' => '',
  'auto_start' => true,
)
[ info ] [ RUN ] app\index\controller\Index->index[ F:\kaoqing\application\index\controller\Index.php ]
[ info ] [ VIEW ] ./public/static/index/index\index.html [ array (
  0 => 'user',
) ]
[ info ] [ LOG ] INIT File

---------------------------------------------------------------
[ 2017-03-28T22:04:50+08:00 ] 127.0.0.1 127.0.0.1 GET /
[ log ] kaoqin.com/ [运行时间：0.036002s][吞吐率：27.78req/s] [内存消耗：1,714.09kb] [文件加载：49]
[ info ] [ LANG ] F:\kaoqing\thinkphp\lang\zh-cn.php
[ info ] [ ROUTE ] array (
  'type' => 'module',
  'module' => 
  array (
    0 => '',
    1 => NULL,
    2 => NULL,
  ),
)
[ info ] [ HEADER ] array (
  'host' => 'kaoqin.com',
  'connection' => 'keep-alive',
  'accept' => 'text/html,application/xhtml+xml,application/xml;q=0.9,image/webp,*/*;q=0.8',
  'upgrade-insecure-requests' => '1',
  'user-agent' => 'Mozilla/5.0 (Windows NT 6.1; WOW64) AppleWebKit/537.36 (KHTML, like Gecko) Chrome/45.0.2454.101 Safari/537.36',
  'referer' => 'http://kaoqin.com/Index/login/out.html',
  'accept-encoding' => 'gzip, deflate, sdch',
  'accept-language' => 'zh-CN,zh;q=0.8',
  'cookie' => 'pgv_pvi=2373441536; PHPSESSID=rqraslggd5otht34nbf0jl6453',
)
[ info ] [ PARAM ] array (
)
[ info ] [ SESSION ] INIT array (
  'id' => '',
  'var_session_id' => '',
  'prefix' => 'think',
  'type' => '',
  'auto_start' => true,
)
[ info ] [ RUN ] app\index\controller\Index->index[ F:\kaoqing\application\index\controller\Index.php ]
[ info ] [ VIEW ] ./public/static/index/index\index.html [ array (
  0 => 'user',
) ]
[ info ] [ LOG ] INIT File

---------------------------------------------------------------
[ 2017-03-28T22:04:51+08:00 ] 127.0.0.1 127.0.0.1 GET /index.php/Index/index
[ log ] kaoqin.com/index.php/Index/index [运行时间：0.030002s][吞吐率：33.33req/s] [内存消耗：1,714.17kb] [文件加载：49]
[ info ] [ LANG ] F:\kaoqing\thinkphp\lang\zh-cn.php
[ info ] [ ROUTE ] array (
  'type' => 'module',
  'module' => 
  array (
    0 => 'Index',
    1 => 'index',
    2 => NULL,
  ),
)
[ info ] [ HEADER ] array (
  'host' => 'kaoqin.com',
  'connection' => 'keep-alive',
  'accept' => 'text/html,application/xhtml+xml,application/xml;q=0.9,image/webp,*/*;q=0.8',
  'upgrade-insecure-requests' => '1',
  'user-agent' => 'Mozilla/5.0 (Windows NT 6.1; WOW64) AppleWebKit/537.36 (KHTML, like Gecko) Chrome/45.0.2454.101 Safari/537.36',
  'referer' => 'http://kaoqin.com/',
  'accept-encoding' => 'gzip, deflate, sdch',
  'accept-language' => 'zh-CN,zh;q=0.8',
  'cookie' => 'pgv_pvi=2373441536; PHPSESSID=rqraslggd5otht34nbf0jl6453',
)
[ info ] [ PARAM ] array (
)
[ info ] [ SESSION ] INIT array (
  'id' => '',
  'var_session_id' => '',
  'prefix' => 'think',
  'type' => '',
  'auto_start' => true,
)
[ info ] [ RUN ] app\index\controller\Index->index[ F:\kaoqing\application\index\controller\Index.php ]
[ info ] [ VIEW ] ./public/static/index/index\index.html [ array (
  0 => 'user',
) ]
[ info ] [ LOG ] INIT File

---------------------------------------------------------------
[ 2017-03-28T22:04:56+08:00 ] 127.0.0.1 127.0.0.1 GET /index.php/Index/employee/index.html
[ log ] kaoqin.com/index.php/Index/employee/index.html [运行时间：0.200011s][吞吐率：5.00req/s] [内存消耗：2,437.36kb] [文件加载：56]
[ info ] [ LANG ] F:\kaoqing\thinkphp\lang\zh-cn.php
[ info ] [ ROUTE ] array (
  'type' => 'module',
  'module' => 
  array (
    0 => 'Index',
    1 => 'employee',
    2 => 'index',
  ),
)
[ info ] [ HEADER ] array (
  'host' => 'kaoqin.com',
  'connection' => 'keep-alive',
  'accept' => 'text/html,application/xhtml+xml,application/xml;q=0.9,image/webp,*/*;q=0.8',
  'upgrade-insecure-requests' => '1',
  'user-agent' => 'Mozilla/5.0 (Windows NT 6.1; WOW64) AppleWebKit/537.36 (KHTML, like Gecko) Chrome/45.0.2454.101 Safari/537.36',
  'referer' => 'http://kaoqin.com/index.php/Index/index',
  'accept-encoding' => 'gzip, deflate, sdch',
  'accept-language' => 'zh-CN,zh;q=0.8',
  'cookie' => 'pgv_pvi=2373441536; PHPSESSID=rqraslggd5otht34nbf0jl6453',
)
[ info ] [ PARAM ] array (
)
[ info ] [ SESSION ] INIT array (
  'id' => '',
  'var_session_id' => '',
  'prefix' => 'think',
  'type' => '',
  'auto_start' => true,
)
[ info ] [ RUN ] app\index\controller\Employee->index[ F:\kaoqing\application\index\controller\Employee.php ]
[ info ] [ DB ] INIT mysql
[ info ] [ VIEW ] ./public/static/index/employee\index.html [ array (
  0 => 'user',
  1 => 'emp',
) ]
[ info ] [ LOG ] INIT File
[ sql ] [ DB ] CONNECT:[ UseTime:0.016001s ] mysql:dbname=kaoqin;host=139.199.182.250;port=3306;charset=utf8
[ sql ] [ SQL ] SHOW COLUMNS FROM `employee` [ RunTime:0.013001s ]
[ sql ] [ SQL ] SELECT * FROM `employee` WHERE  `eId` = 10009 [ RunTime:0.012001s ]
[ sql ] [ SQL ] SHOW COLUMNS FROM `dept` [ RunTime:0.013001s ]
[ sql ] [ SQL ] SELECT `dName` FROM `dept` WHERE  `dId` = 1 LIMIT 1 [ RunTime:0.011000s ]

---------------------------------------------------------------
[ 2017-03-28T22:05:06+08:00 ] 127.0.0.1 127.0.0.1 GET /index.php/Index/login/out.html
[ log ] kaoqin.com/index.php/Index/login/out.html [运行时间：0.076004s][吞吐率：13.16req/s] [内存消耗：1,716.07kb] [文件加载：49]
[ info ] [ LANG ] F:\kaoqing\thinkphp\lang\zh-cn.php
[ info ] [ ROUTE ] array (
  'type' => 'module',
  'module' => 
  array (
    0 => 'Index',
    1 => 'login',
    2 => 'out',
  ),
)
[ info ] [ HEADER ] array (
  'host' => 'kaoqin.com',
  'connection' => 'keep-alive',
  'accept' => 'text/html,application/xhtml+xml,application/xml;q=0.9,image/webp,*/*;q=0.8',
  'upgrade-insecure-requests' => '1',
  'user-agent' => 'Mozilla/5.0 (Windows NT 6.1; WOW64) AppleWebKit/537.36 (KHTML, like Gecko) Chrome/45.0.2454.101 Safari/537.36',
  'referer' => 'http://kaoqin.com/index.php/Index/employee/index.html',
  'accept-encoding' => 'gzip, deflate, sdch',
  'accept-language' => 'zh-CN,zh;q=0.8',
  'cookie' => 'pgv_pvi=2373441536; PHPSESSID=rqraslggd5otht34nbf0jl6453',
)
[ info ] [ PARAM ] array (
)
[ info ] [ SESSION ] INIT array (
  'id' => '',
  'var_session_id' => '',
  'prefix' => 'think',
  'type' => '',
  'auto_start' => true,
)
[ info ] [ RUN ] app\index\controller\Login->out[ F:\kaoqing\application\index\controller\Login.php ]
[ info ] [ VIEW ] F:\kaoqing\thinkphp\tpl\dispatch_jump.tpl [ array (
  0 => 'user',
  1 => 'code',
  2 => 'msg',
  3 => 'data',
  4 => 'url',
  5 => 'wait',
) ]
[ info ] [ LOG ] INIT File

---------------------------------------------------------------
[ 2017-03-28T22:05:09+08:00 ] 127.0.0.1 127.0.0.1 GET /index.php/index/index.html
[ log ] kaoqin.com/index.php/index/index.html [运行时间：0.041002s][吞吐率：24.39req/s] [内存消耗：1,653.97kb] [文件加载：48]
[ info ] [ LANG ] F:\kaoqing\thinkphp\lang\zh-cn.php
[ info ] [ ROUTE ] array (
  'type' => 'module',
  'module' => 
  array (
    0 => 'index',
    1 => 'index',
    2 => NULL,
  ),
)
[ info ] [ HEADER ] array (
  'host' => 'kaoqin.com',
  'connection' => 'keep-alive',
  'accept' => 'text/html,application/xhtml+xml,application/xml;q=0.9,image/webp,*/*;q=0.8',
  'upgrade-insecure-requests' => '1',
  'user-agent' => 'Mozilla/5.0 (Windows NT 6.1; WOW64) AppleWebKit/537.36 (KHTML, like Gecko) Chrome/45.0.2454.101 Safari/537.36',
  'referer' => 'http://kaoqin.com/index.php/Index/login/out.html',
  'accept-encoding' => 'gzip, deflate, sdch',
  'accept-language' => 'zh-CN,zh;q=0.8',
  'cookie' => 'pgv_pvi=2373441536; PHPSESSID=rqraslggd5otht34nbf0jl6453',
)
[ info ] [ PARAM ] array (
)
[ info ] [ SESSION ] INIT array (
  'id' => '',
  'var_session_id' => '',
  'prefix' => 'think',
  'type' => '',
  'auto_start' => true,
)
[ info ] [ RUN ] app\index\controller\Index->index[ F:\kaoqing\application\index\controller\Index.php ]
[ info ] [ VIEW ] ./public/static/index/index\index.html [ array (
  0 => 'user',
) ]
[ info ] [ LOG ] INIT File

---------------------------------------------------------------
[ 2017-03-28T22:05:10+08:00 ] 127.0.0.1 127.0.0.1 GET /index.php/Index/login/
[ log ] kaoqin.com/index.php/Index/login/ [运行时间：0.065003s][吞吐率：15.38req/s] [内存消耗：1,720.94kb] [文件加载：49]
[ info ] [ LANG ] F:\kaoqing\thinkphp\lang\zh-cn.php
[ info ] [ ROUTE ] array (
  'type' => 'module',
  'module' => 
  array (
    0 => 'Index',
    1 => 'login',
    2 => NULL,
  ),
)
[ info ] [ HEADER ] array (
  'host' => 'kaoqin.com',
  'connection' => 'keep-alive',
  'accept' => 'text/html,application/xhtml+xml,application/xml;q=0.9,image/webp,*/*;q=0.8',
  'upgrade-insecure-requests' => '1',
  'user-agent' => 'Mozilla/5.0 (Windows NT 6.1; WOW64) AppleWebKit/537.36 (KHTML, like Gecko) Chrome/45.0.2454.101 Safari/537.36',
  'referer' => 'http://kaoqin.com/index.php/index/index.html',
  'accept-encoding' => 'gzip, deflate, sdch',
  'accept-language' => 'zh-CN,zh;q=0.8',
  'cookie' => 'pgv_pvi=2373441536; PHPSESSID=rqraslggd5otht34nbf0jl6453',
)
[ info ] [ PARAM ] array (
)
[ info ] [ SESSION ] INIT array (
  'id' => '',
  'var_session_id' => '',
  'prefix' => 'think',
  'type' => '',
  'auto_start' => true,
)
[ info ] [ RUN ] app\index\controller\Login->index[ F:\kaoqing\application\index\controller\Login.php ]
[ info ] [ VIEW ] ./public/static/index/login\index.html [ array (
  0 => 'user',
) ]
[ info ] [ LOG ] INIT File

---------------------------------------------------------------
[ 2017-03-28T22:05:11+08:00 ] 127.0.0.1 127.0.0.1 GET /index.php/captcha.html
[ log ] kaoqin.com/index.php/captcha.html [运行时间：0.189011s][吞吐率：5.29req/s] [内存消耗：1,412.71kb] [文件加载：39]
[ info ] [ LANG ] F:\kaoqing\thinkphp\lang\zh-cn.php
[ info ] [ ROUTE ] array (
  'type' => 'method',
  'method' => 
  array (
    0 => '\\think\\captcha\\CaptchaController',
    1 => 'index',
  ),
  'var' => 
  array (
  ),
)
[ info ] [ HEADER ] array (
  'host' => 'kaoqin.com',
  'connection' => 'keep-alive',
  'accept' => 'image/webp,image/*,*/*;q=0.8',
  'user-agent' => 'Mozilla/5.0 (Windows NT 6.1; WOW64) AppleWebKit/537.36 (KHTML, like Gecko) Chrome/45.0.2454.101 Safari/537.36',
  'referer' => 'http://kaoqin.com/index.php/Index/login/',
  'accept-encoding' => 'gzip, deflate, sdch',
  'accept-language' => 'zh-CN,zh;q=0.8',
  'cookie' => 'pgv_pvi=2373441536; PHPSESSID=rqraslggd5otht34nbf0jl6453',
)
[ info ] [ PARAM ] array (
  'id' => NULL,
)
[ info ] [ RUN ] think\captcha\CaptchaController->index[ F:\kaoqing\vendor\topthink\think-captcha\src\CaptchaController.php ]
[ info ] [ SESSION ] INIT array (
  'id' => '',
  'var_session_id' => '',
  'prefix' => 'think',
  'type' => '',
  'auto_start' => true,
)
[ info ] [ LOG ] INIT File

---------------------------------------------------------------
[ 2017-03-28T22:05:26+08:00 ] 127.0.0.1 127.0.0.1 POST /index.php/index/login/login.html
[ log ] kaoqin.com/index.php/index/login/login.html [运行时间：0.095005s][吞吐率：10.53req/s] [内存消耗：2,425.27kb] [文件加载：55]
[ info ] [ LANG ] F:\kaoqing\thinkphp\lang\zh-cn.php
[ info ] [ ROUTE ] array (
  'type' => 'module',
  'module' => 
  array (
    0 => 'index',
    1 => 'login',
    2 => 'login',
  ),
)
[ info ] [ HEADER ] array (
  'host' => 'kaoqin.com',
  'connection' => 'keep-alive',
  'content-length' => '42',
  'accept' => '*/*',
  'origin' => 'http://kaoqin.com',
  'x-requested-with' => 'XMLHttpRequest',
  'user-agent' => 'Mozilla/5.0 (Windows NT 6.1; WOW64) AppleWebKit/537.36 (KHTML, like Gecko) Chrome/45.0.2454.101 Safari/537.36',
  'content-type' => 'application/x-www-form-urlencoded; charset=UTF-8',
  'referer' => 'http://kaoqin.com/index.php/Index/login/',
  'accept-encoding' => 'gzip, deflate',
  'accept-language' => 'zh-CN,zh;q=0.8',
  'cookie' => 'pgv_pvi=2373441536; PHPSESSID=rqraslggd5otht34nbf0jl6453',
)
[ info ] [ PARAM ] array (
  'empId' => '10002',
  'password' => '12345',
  'validte_code' => 'zl',
)
[ info ] [ SESSION ] INIT array (
  'id' => '',
  'var_session_id' => '',
  'prefix' => 'think',
  'type' => '',
  'auto_start' => true,
)
[ info ] [ RUN ] app\index\controller\Login->login[ F:\kaoqing\application\index\controller\Login.php ]
[ info ] [ DB ] INIT mysql
[ info ] [ LOG ] INIT File
[ sql ] [ DB ] CONNECT:[ UseTime:0.016001s ] mysql:dbname=kaoqin;host=139.199.182.250;port=3306;charset=utf8
[ sql ] [ SQL ] SHOW COLUMNS FROM `employee` [ RunTime:0.011000s ]
[ sql ] [ SQL ] SELECT * FROM `employee` WHERE  `eId` = 10002 LIMIT 1 [ RunTime:0.011001s ]

---------------------------------------------------------------
[ 2017-03-28T22:05:35+08:00 ] 127.0.0.1 127.0.0.1 GET /index.php/captcha.html?0.05614268477074802
[ log ] kaoqin.com/index.php/captcha.html?0.05614268477074802 [运行时间：0.111007s][吞吐率：9.01req/s] [内存消耗：1,412.88kb] [文件加载：39]
[ info ] [ LANG ] F:\kaoqing\thinkphp\lang\zh-cn.php
[ info ] [ ROUTE ] array (
  'type' => 'method',
  'method' => 
  array (
    0 => '\\think\\captcha\\CaptchaController',
    1 => 'index',
  ),
  'var' => 
  array (
  ),
)
[ info ] [ HEADER ] array (
  'host' => 'kaoqin.com',
  'connection' => 'keep-alive',
  'accept' => 'image/webp,image/*,*/*;q=0.8',
  'user-agent' => 'Mozilla/5.0 (Windows NT 6.1; WOW64) AppleWebKit/537.36 (KHTML, like Gecko) Chrome/45.0.2454.101 Safari/537.36',
  'referer' => 'http://kaoqin.com/index.php/Index/login/',
  'accept-encoding' => 'gzip, deflate, sdch',
  'accept-language' => 'zh-CN,zh;q=0.8',
  'cookie' => 'pgv_pvi=2373441536; PHPSESSID=rqraslggd5otht34nbf0jl6453',
)
[ info ] [ PARAM ] array (
  '0_05614268477074802' => '',
  'id' => NULL,
)
[ info ] [ RUN ] think\captcha\CaptchaController->index[ F:\kaoqing\vendor\topthink\think-captcha\src\CaptchaController.php ]
[ info ] [ SESSION ] INIT array (
  'id' => '',
  'var_session_id' => '',
  'prefix' => 'think',
  'type' => '',
  'auto_start' => true,
)
[ info ] [ LOG ] INIT File

---------------------------------------------------------------
[ 2017-03-28T22:05:37+08:00 ] 127.0.0.1 127.0.0.1 POST /index.php/index/login/login.html
[ log ] kaoqin.com/index.php/index/login/login.html [运行时间：0.090005s][吞吐率：11.11req/s] [内存消耗：2,425.27kb] [文件加载：55]
[ info ] [ LANG ] F:\kaoqing\thinkphp\lang\zh-cn.php
[ info ] [ ROUTE ] array (
  'type' => 'module',
  'module' => 
  array (
    0 => 'index',
    1 => 'login',
    2 => 'login',
  ),
)
[ info ] [ HEADER ] array (
  'host' => 'kaoqin.com',
  'connection' => 'keep-alive',
  'content-length' => '42',
  'accept' => '*/*',
  'origin' => 'http://kaoqin.com',
  'x-requested-with' => 'XMLHttpRequest',
  'user-agent' => 'Mozilla/5.0 (Windows NT 6.1; WOW64) AppleWebKit/537.36 (KHTML, like Gecko) Chrome/45.0.2454.101 Safari/537.36',
  'content-type' => 'application/x-www-form-urlencoded; charset=UTF-8',
  'referer' => 'http://kaoqin.com/index.php/Index/login/',
  'accept-encoding' => 'gzip, deflate',
  'accept-language' => 'zh-CN,zh;q=0.8',
  'cookie' => 'pgv_pvi=2373441536; PHPSESSID=rqraslggd5otht34nbf0jl6453',
)
[ info ] [ PARAM ] array (
  'empId' => '10002',
  'password' => '12345',
  'validte_code' => 'kk',
)
[ info ] [ SESSION ] INIT array (
  'id' => '',
  'var_session_id' => '',
  'prefix' => 'think',
  'type' => '',
  'auto_start' => true,
)
[ info ] [ RUN ] app\index\controller\Login->login[ F:\kaoqing\application\index\controller\Login.php ]
[ info ] [ DB ] INIT mysql
[ info ] [ LOG ] INIT File
[ sql ] [ DB ] CONNECT:[ UseTime:0.017001s ] mysql:dbname=kaoqin;host=139.199.182.250;port=3306;charset=utf8
[ sql ] [ SQL ] SHOW COLUMNS FROM `employee` [ RunTime:0.018001s ]
[ sql ] [ SQL ] SELECT * FROM `employee` WHERE  `eId` = 10002 LIMIT 1 [ RunTime:0.011001s ]

---------------------------------------------------------------
[ 2017-03-28T22:05:47+08:00 ] 127.0.0.1 127.0.0.1 GET /index.php/captcha.html?0.13146127969957888
[ log ] kaoqin.com/index.php/captcha.html?0.13146127969957888 [运行时间：0.209012s][吞吐率：4.78req/s] [内存消耗：1,412.88kb] [文件加载：39]
[ info ] [ LANG ] F:\kaoqing\thinkphp\lang\zh-cn.php
[ info ] [ ROUTE ] array (
  'type' => 'method',
  'method' => 
  array (
    0 => '\\think\\captcha\\CaptchaController',
    1 => 'index',
  ),
  'var' => 
  array (
  ),
)
[ info ] [ HEADER ] array (
  'host' => 'kaoqin.com',
  'connection' => 'keep-alive',
  'accept' => 'image/webp,image/*,*/*;q=0.8',
  'user-agent' => 'Mozilla/5.0 (Windows NT 6.1; WOW64) AppleWebKit/537.36 (KHTML, like Gecko) Chrome/45.0.2454.101 Safari/537.36',
  'referer' => 'http://kaoqin.com/index.php/Index/login/',
  'accept-encoding' => 'gzip, deflate, sdch',
  'accept-language' => 'zh-CN,zh;q=0.8',
  'cookie' => 'pgv_pvi=2373441536; PHPSESSID=rqraslggd5otht34nbf0jl6453',
)
[ info ] [ PARAM ] array (
  '0_13146127969957888' => '',
  'id' => NULL,
)
[ info ] [ RUN ] think\captcha\CaptchaController->index[ F:\kaoqing\vendor\topthink\think-captcha\src\CaptchaController.php ]
[ info ] [ SESSION ] INIT array (
  'id' => '',
  'var_session_id' => '',
  'prefix' => 'think',
  'type' => '',
  'auto_start' => true,
)
[ info ] [ LOG ] INIT File

---------------------------------------------------------------
[ 2017-03-28T22:05:50+08:00 ] 127.0.0.1 127.0.0.1 POST /index.php/index/login/login.html
[ log ] kaoqin.com/index.php/index/login/login.html [运行时间：0.077004s][吞吐率：12.99req/s] [内存消耗：2,426.93kb] [文件加载：55]
[ info ] [ LANG ] F:\kaoqing\thinkphp\lang\zh-cn.php
[ info ] [ ROUTE ] array (
  'type' => 'module',
  'module' => 
  array (
    0 => 'index',
    1 => 'login',
    2 => 'login',
  ),
)
[ info ] [ HEADER ] array (
  'host' => 'kaoqin.com',
  'connection' => 'keep-alive',
  'content-length' => '42',
  'accept' => '*/*',
  'origin' => 'http://kaoqin.com',
  'x-requested-with' => 'XMLHttpRequest',
  'user-agent' => 'Mozilla/5.0 (Windows NT 6.1; WOW64) AppleWebKit/537.36 (KHTML, like Gecko) Chrome/45.0.2454.101 Safari/537.36',
  'content-type' => 'application/x-www-form-urlencoded; charset=UTF-8',
  'referer' => 'http://kaoqin.com/index.php/Index/login/',
  'accept-encoding' => 'gzip, deflate',
  'accept-language' => 'zh-CN,zh;q=0.8',
  'cookie' => 'pgv_pvi=2373441536; PHPSESSID=rqraslggd5otht34nbf0jl6453',
)
[ info ] [ PARAM ] array (
  'empId' => '10009',
  'password' => '12345',
  'validte_code' => 'w2',
)
[ info ] [ SESSION ] INIT array (
  'id' => '',
  'var_session_id' => '',
  'prefix' => 'think',
  'type' => '',
  'auto_start' => true,
)
[ info ] [ RUN ] app\index\controller\Login->login[ F:\kaoqing\application\index\controller\Login.php ]
[ info ] [ DB ] INIT mysql
[ info ] [ LOG ] INIT File
[ sql ] [ DB ] CONNECT:[ UseTime:0.017001s ] mysql:dbname=kaoqin;host=139.199.182.250;port=3306;charset=utf8
[ sql ] [ SQL ] SHOW COLUMNS FROM `employee` [ RunTime:0.012000s ]
[ sql ] [ SQL ] SELECT * FROM `employee` WHERE  `eId` = 10009 LIMIT 1 [ RunTime:0.011000s ]

---------------------------------------------------------------
[ 2017-03-28T22:05:51+08:00 ] 127.0.0.1 127.0.0.1 GET /index.php/Index/login/index.php/Index/index
[ log ] kaoqin.com/index.php/Index/login/index.php/Index/index [运行时间：0.198011s][吞吐率：5.05req/s] [内存消耗：1,728.73kb] [文件加载：49]
[ info ] [ LANG ] F:\kaoqing\thinkphp\lang\zh-cn.php
[ info ] [ ROUTE ] array (
  'type' => 'module',
  'module' => 
  array (
    0 => 'Index',
    1 => 'login',
    2 => 'index.php',
  ),
)
[ info ] [ HEADER ] array (
  'host' => 'kaoqin.com',
  'connection' => 'keep-alive',
  'accept' => 'text/html,application/xhtml+xml,application/xml;q=0.9,image/webp,*/*;q=0.8',
  'upgrade-insecure-requests' => '1',
  'user-agent' => 'Mozilla/5.0 (Windows NT 6.1; WOW64) AppleWebKit/537.36 (KHTML, like Gecko) Chrome/45.0.2454.101 Safari/537.36',
  'referer' => 'http://kaoqin.com/index.php/Index/login/',
  'accept-encoding' => 'gzip, deflate, sdch',
  'accept-language' => 'zh-CN,zh;q=0.8',
  'cookie' => 'pgv_pvi=2373441536; PHPSESSID=rqraslggd5otht34nbf0jl6453',
)
[ info ] [ PARAM ] array (
  'Index' => 'index',
)
[ info ] [ SESSION ] INIT array (
  'id' => '',
  'var_session_id' => '',
  'prefix' => 'think',
  'type' => '',
  'auto_start' => true,
)
[ info ] [ LOG ] INIT File

---------------------------------------------------------------
[ 2017-03-28T22:05:51+08:00 ] 127.0.0.1 127.0.0.1 GET /index.php/index.html
[ log ] kaoqin.com/index.php/index.html [运行时间：0.031001s][吞吐率：32.26req/s] [内存消耗：1,714.22kb] [文件加载：49]
[ info ] [ LANG ] F:\kaoqing\thinkphp\lang\zh-cn.php
[ info ] [ ROUTE ] array (
  'type' => 'module',
  'module' => 
  array (
    0 => 'index',
    1 => NULL,
    2 => NULL,
  ),
)
[ info ] [ HEADER ] array (
  'host' => 'kaoqin.com',
  'connection' => 'keep-alive',
  'accept' => 'text/html,application/xhtml+xml,application/xml;q=0.9,image/webp,*/*;q=0.8',
  'upgrade-insecure-requests' => '1',
  'user-agent' => 'Mozilla/5.0 (Windows NT 6.1; WOW64) AppleWebKit/537.36 (KHTML, like Gecko) Chrome/45.0.2454.101 Safari/537.36',
  'referer' => 'http://kaoqin.com/index.php/Index/login/',
  'accept-encoding' => 'gzip, deflate, sdch',
  'accept-language' => 'zh-CN,zh;q=0.8',
  'cookie' => 'pgv_pvi=2373441536; PHPSESSID=rqraslggd5otht34nbf0jl6453',
)
[ info ] [ PARAM ] array (
)
[ info ] [ SESSION ] INIT array (
  'id' => '',
  'var_session_id' => '',
  'prefix' => 'think',
  'type' => '',
  'auto_start' => true,
)
[ info ] [ RUN ] app\index\controller\Index->index[ F:\kaoqing\application\index\controller\Index.php ]
[ info ] [ VIEW ] ./public/static/index/index\index.html [ array (
  0 => 'user',
) ]
[ info ] [ LOG ] INIT File

---------------------------------------------------------------
[ 2017-03-28T22:05:57+08:00 ] 127.0.0.1 127.0.0.1 GET /index.php/Index/login/out.html
[ log ] kaoqin.com/index.php/Index/login/out.html [运行时间：0.039002s][吞吐率：25.64req/s] [内存消耗：1,716.09kb] [文件加载：49]
[ info ] [ LANG ] F:\kaoqing\thinkphp\lang\zh-cn.php
[ info ] [ ROUTE ] array (
  'type' => 'module',
  'module' => 
  array (
    0 => 'Index',
    1 => 'login',
    2 => 'out',
  ),
)
[ info ] [ HEADER ] array (
  'host' => 'kaoqin.com',
  'connection' => 'keep-alive',
  'accept' => 'text/html,application/xhtml+xml,application/xml;q=0.9,image/webp,*/*;q=0.8',
  'upgrade-insecure-requests' => '1',
  'user-agent' => 'Mozilla/5.0 (Windows NT 6.1; WOW64) AppleWebKit/537.36 (KHTML, like Gecko) Chrome/45.0.2454.101 Safari/537.36',
  'referer' => 'http://kaoqin.com/index.php/index.html',
  'accept-encoding' => 'gzip, deflate, sdch',
  'accept-language' => 'zh-CN,zh;q=0.8',
  'cookie' => 'pgv_pvi=2373441536; PHPSESSID=rqraslggd5otht34nbf0jl6453',
)
[ info ] [ PARAM ] array (
)
[ info ] [ SESSION ] INIT array (
  'id' => '',
  'var_session_id' => '',
  'prefix' => 'think',
  'type' => '',
  'auto_start' => true,
)
[ info ] [ RUN ] app\index\controller\Login->out[ F:\kaoqing\application\index\controller\Login.php ]
[ info ] [ VIEW ] F:\kaoqing\thinkphp\tpl\dispatch_jump.tpl [ array (
  0 => 'user',
  1 => 'code',
  2 => 'msg',
  3 => 'data',
  4 => 'url',
  5 => 'wait',
) ]
[ info ] [ LOG ] INIT File

---------------------------------------------------------------
[ 2017-03-28T22:06:00+08:00 ] 127.0.0.1 127.0.0.1 GET /index.php/index/index.html
[ log ] kaoqin.com/index.php/index/index.html [运行时间：0.039003s][吞吐率：25.64req/s] [内存消耗：1,653.97kb] [文件加载：48]
[ info ] [ LANG ] F:\kaoqing\thinkphp\lang\zh-cn.php
[ info ] [ ROUTE ] array (
  'type' => 'module',
  'module' => 
  array (
    0 => 'index',
    1 => 'index',
    2 => NULL,
  ),
)
[ info ] [ HEADER ] array (
  'host' => 'kaoqin.com',
  'connection' => 'keep-alive',
  'accept' => 'text/html,application/xhtml+xml,application/xml;q=0.9,image/webp,*/*;q=0.8',
  'upgrade-insecure-requests' => '1',
  'user-agent' => 'Mozilla/5.0 (Windows NT 6.1; WOW64) AppleWebKit/537.36 (KHTML, like Gecko) Chrome/45.0.2454.101 Safari/537.36',
  'referer' => 'http://kaoqin.com/index.php/Index/login/out.html',
  'accept-encoding' => 'gzip, deflate, sdch',
  'accept-language' => 'zh-CN,zh;q=0.8',
  'cookie' => 'pgv_pvi=2373441536; PHPSESSID=rqraslggd5otht34nbf0jl6453',
)
[ info ] [ PARAM ] array (
)
[ info ] [ SESSION ] INIT array (
  'id' => '',
  'var_session_id' => '',
  'prefix' => 'think',
  'type' => '',
  'auto_start' => true,
)
[ info ] [ RUN ] app\index\controller\Index->index[ F:\kaoqing\application\index\controller\Index.php ]
[ info ] [ VIEW ] ./public/static/index/index\index.html [ array (
  0 => 'user',
) ]
[ info ] [ LOG ] INIT File

---------------------------------------------------------------
[ 2017-03-28T23:01:20+08:00 ] 127.0.0.1 127.0.0.1 GET /index.php/Admin/index
[ log ] kaoqin.com/index.php/Admin/index [运行时间：0.084005s][吞吐率：11.90req/s] [内存消耗：1,748.29kb] [文件加载：49]
[ info ] [ LANG ] F:\kaoqing\thinkphp\lang\zh-cn.php
[ info ] [ ROUTE ] array (
  'type' => 'module',
  'module' => 
  array (
    0 => 'Admin',
    1 => 'index',
    2 => NULL,
  ),
)
[ info ] [ HEADER ] array (
  'host' => 'kaoqin.com',
  'connection' => 'keep-alive',
  'accept' => 'text/html,application/xhtml+xml,application/xml;q=0.9,image/webp,*/*;q=0.8',
  'upgrade-insecure-requests' => '1',
  'user-agent' => 'Mozilla/5.0 (Windows NT 6.1; WOW64) AppleWebKit/537.36 (KHTML, like Gecko) Chrome/45.0.2454.101 Safari/537.36',
  'accept-encoding' => 'gzip, deflate, sdch',
  'accept-language' => 'zh-CN,zh;q=0.8',
  'cookie' => 'pgv_pvi=2373441536; PHPSESSID=rqraslggd5otht34nbf0jl6453',
)
[ info ] [ PARAM ] array (
)
[ info ] [ SESSION ] INIT array (
  'id' => '',
  'var_session_id' => '',
  'prefix' => 'think',
  'type' => '',
  'auto_start' => true,
)
[ info ] [ LOG ] INIT File

---------------------------------------------------------------
[ 2017-03-28T23:01:20+08:00 ] 127.0.0.1 127.0.0.1 GET /index.php/admin/login.html
[ log ] kaoqin.com/index.php/admin/login.html [运行时间：0.060003s][吞吐率：16.67req/s] [内存消耗：1,737.84kb] [文件加载：48]
[ info ] [ LANG ] F:\kaoqing\thinkphp\lang\zh-cn.php
[ info ] [ ROUTE ] array (
  'type' => 'module',
  'module' => 
  array (
    0 => 'admin',
    1 => 'login',
    2 => NULL,
  ),
)
[ info ] [ HEADER ] array (
  'host' => 'kaoqin.com',
  'connection' => 'keep-alive',
  'accept' => 'text/html,application/xhtml+xml,application/xml;q=0.9,image/webp,*/*;q=0.8',
  'upgrade-insecure-requests' => '1',
  'user-agent' => 'Mozilla/5.0 (Windows NT 6.1; WOW64) AppleWebKit/537.36 (KHTML, like Gecko) Chrome/45.0.2454.101 Safari/537.36',
  'accept-encoding' => 'gzip, deflate, sdch',
  'accept-language' => 'zh-CN,zh;q=0.8',
  'cookie' => 'pgv_pvi=2373441536; PHPSESSID=rqraslggd5otht34nbf0jl6453',
)
[ info ] [ PARAM ] array (
)
[ info ] [ SESSION ] INIT array (
  'id' => '',
  'var_session_id' => '',
  'prefix' => 'think',
  'type' => '',
  'auto_start' => true,
)
[ info ] [ RUN ] app\admin\controller\Login->index[ F:\kaoqing\application\admin\controller\Login.php ]
[ info ] [ VIEW ] ./public/static/admin/login\index.html [ array (
) ]
[ info ] [ LOG ] INIT File

---------------------------------------------------------------
[ 2017-03-28T23:01:21+08:00 ] 127.0.0.1 127.0.0.1 GET /index.php/admin/login.html
[ log ] kaoqin.com/index.php/admin/login.html [运行时间：0.042003s][吞吐率：23.81req/s] [内存消耗：1,737.66kb] [文件加载：48]
[ info ] [ LANG ] F:\kaoqing\thinkphp\lang\zh-cn.php
[ info ] [ ROUTE ] array (
  'type' => 'module',
  'module' => 
  array (
    0 => 'admin',
    1 => 'login',
    2 => NULL,
  ),
)
[ info ] [ HEADER ] array (
  'host' => 'kaoqin.com',
  'connection' => 'keep-alive',
  'user-agent' => 'Mozilla/5.0 (Windows NT 6.1; WOW64) AppleWebKit/537.36 (KHTML, like Gecko) Chrome/45.0.2454.101 Safari/537.36',
  'accept' => '*/*',
  'referer' => 'http://kaoqin.com/index.php/admin/login.html',
  'accept-encoding' => 'gzip, deflate, sdch',
  'accept-language' => 'zh-CN,zh;q=0.8',
  'cookie' => 'pgv_pvi=2373441536; PHPSESSID=rqraslggd5otht34nbf0jl6453',
)
[ info ] [ PARAM ] array (
)
[ info ] [ SESSION ] INIT array (
  'id' => '',
  'var_session_id' => '',
  'prefix' => 'think',
  'type' => '',
  'auto_start' => true,
)
[ info ] [ RUN ] app\admin\controller\Login->index[ F:\kaoqing\application\admin\controller\Login.php ]
[ info ] [ VIEW ] ./public/static/admin/login\index.html [ array (
) ]
[ info ] [ LOG ] INIT File

---------------------------------------------------------------
[ 2017-03-28T23:01:54+08:00 ] 127.0.0.1 127.0.0.1 POST /index.php/Admin/login/index.html
[ log ] kaoqin.com/index.php/Admin/login/index.html [运行时间：0.096006s][吞吐率：10.42req/s] [内存消耗：2,394.57kb] [文件加载：55]
[ info ] [ LANG ] F:\kaoqing\thinkphp\lang\zh-cn.php
[ info ] [ ROUTE ] array (
  'type' => 'module',
  'module' => 
  array (
    0 => 'Admin',
    1 => 'login',
    2 => 'index',
  ),
)
[ info ] [ HEADER ] array (
  'host' => 'kaoqin.com',
  'connection' => 'keep-alive',
  'content-length' => '28',
  'cache-control' => 'max-age=0',
  'accept' => 'text/html,application/xhtml+xml,application/xml;q=0.9,image/webp,*/*;q=0.8',
  'origin' => 'http://kaoqin.com',
  'upgrade-insecure-requests' => '1',
  'user-agent' => 'Mozilla/5.0 (Windows NT 6.1; WOW64) AppleWebKit/537.36 (KHTML, like Gecko) Chrome/45.0.2454.101 Safari/537.36',
  'content-type' => 'application/x-www-form-urlencoded',
  'referer' => 'http://kaoqin.com/index.php/admin/login.html',
  'accept-encoding' => 'gzip, deflate',
  'accept-language' => 'zh-CN,zh;q=0.8',
  'cookie' => 'pgv_pvi=2373441536; PHPSESSID=rqraslggd5otht34nbf0jl6453',
)
[ info ] [ PARAM ] array (
  'username' => 'admin',
  'password' => '1234',
)
[ info ] [ SESSION ] INIT array (
  'id' => '',
  'var_session_id' => '',
  'prefix' => 'think',
  'type' => '',
  'auto_start' => true,
)
[ info ] [ RUN ] app\admin\controller\Login->index[ F:\kaoqing\application\admin\controller\Login.php ]
[ info ] [ DB ] INIT mysql
[ info ] [ VIEW ] F:\kaoqing\thinkphp\tpl\dispatch_jump.tpl [ array (
  0 => 'code',
  1 => 'msg',
  2 => 'data',
  3 => 'url',
  4 => 'wait',
) ]
[ info ] [ LOG ] INIT File
[ sql ] [ DB ] CONNECT:[ UseTime:0.016001s ] mysql:dbname=kaoqin;host=139.199.182.250;port=3306;charset=utf8
[ sql ] [ SQL ] SHOW COLUMNS FROM `system_user` [ RunTime:0.012000s ]
[ sql ] [ SQL ] SELECT * FROM `system_user` WHERE  `username` = 'admin' LIMIT 1 [ RunTime:0.019001s ]

---------------------------------------------------------------
[ 2017-03-28T23:01:57+08:00 ] 127.0.0.1 127.0.0.1 GET /index.php/admin/login.html
[ log ] kaoqin.com/index.php/admin/login.html [运行时间：0.036002s][吞吐率：27.78req/s] [内存消耗：1,737.84kb] [文件加载：48]
[ info ] [ LANG ] F:\kaoqing\thinkphp\lang\zh-cn.php
[ info ] [ ROUTE ] array (
  'type' => 'module',
  'module' => 
  array (
    0 => 'admin',
    1 => 'login',
    2 => NULL,
  ),
)
[ info ] [ HEADER ] array (
  'host' => 'kaoqin.com',
  'connection' => 'keep-alive',
  'accept' => 'text/html,application/xhtml+xml,application/xml;q=0.9,image/webp,*/*;q=0.8',
  'upgrade-insecure-requests' => '1',
  'user-agent' => 'Mozilla/5.0 (Windows NT 6.1; WOW64) AppleWebKit/537.36 (KHTML, like Gecko) Chrome/45.0.2454.101 Safari/537.36',
  'accept-encoding' => 'gzip, deflate, sdch',
  'accept-language' => 'zh-CN,zh;q=0.8',
  'cookie' => 'pgv_pvi=2373441536; PHPSESSID=rqraslggd5otht34nbf0jl6453',
)
[ info ] [ PARAM ] array (
)
[ info ] [ SESSION ] INIT array (
  'id' => '',
  'var_session_id' => '',
  'prefix' => 'think',
  'type' => '',
  'auto_start' => true,
)
[ info ] [ RUN ] app\admin\controller\Login->index[ F:\kaoqing\application\admin\controller\Login.php ]
[ info ] [ VIEW ] ./public/static/admin/login\index.html [ array (
) ]
[ info ] [ LOG ] INIT File

---------------------------------------------------------------
[ 2017-03-28T23:01:57+08:00 ] 127.0.0.1 127.0.0.1 GET /index.php/admin/login.html
[ log ] kaoqin.com/index.php/admin/login.html [运行时间：0.068004s][吞吐率：14.71req/s] [内存消耗：1,737.66kb] [文件加载：48]
[ info ] [ LANG ] F:\kaoqing\thinkphp\lang\zh-cn.php
[ info ] [ ROUTE ] array (
  'type' => 'module',
  'module' => 
  array (
    0 => 'admin',
    1 => 'login',
    2 => NULL,
  ),
)
[ info ] [ HEADER ] array (
  'host' => 'kaoqin.com',
  'connection' => 'keep-alive',
  'user-agent' => 'Mozilla/5.0 (Windows NT 6.1; WOW64) AppleWebKit/537.36 (KHTML, like Gecko) Chrome/45.0.2454.101 Safari/537.36',
  'accept' => '*/*',
  'referer' => 'http://kaoqin.com/index.php/admin/login.html',
  'accept-encoding' => 'gzip, deflate, sdch',
  'accept-language' => 'zh-CN,zh;q=0.8',
  'cookie' => 'pgv_pvi=2373441536; PHPSESSID=rqraslggd5otht34nbf0jl6453',
)
[ info ] [ PARAM ] array (
)
[ info ] [ SESSION ] INIT array (
  'id' => '',
  'var_session_id' => '',
  'prefix' => 'think',
  'type' => '',
  'auto_start' => true,
)
[ info ] [ RUN ] app\admin\controller\Login->index[ F:\kaoqing\application\admin\controller\Login.php ]
[ info ] [ VIEW ] ./public/static/admin/login\index.html [ array (
) ]
[ info ] [ LOG ] INIT File

---------------------------------------------------------------
[ 2017-03-28T23:02:01+08:00 ] 127.0.0.1 127.0.0.1 POST /index.php/Admin/login/index.html
[ log ] kaoqin.com/index.php/Admin/login/index.html [运行时间：0.088005s][吞吐率：11.36req/s] [内存消耗：2,454.47kb] [文件加载：56]
[ info ] [ LANG ] F:\kaoqing\thinkphp\lang\zh-cn.php
[ info ] [ ROUTE ] array (
  'type' => 'module',
  'module' => 
  array (
    0 => 'Admin',
    1 => 'login',
    2 => 'index',
  ),
)
[ info ] [ HEADER ] array (
  'host' => 'kaoqin.com',
  'connection' => 'keep-alive',
  'content-length' => '29',
  'cache-control' => 'max-age=0',
  'accept' => 'text/html,application/xhtml+xml,application/xml;q=0.9,image/webp,*/*;q=0.8',
  'origin' => 'http://kaoqin.com',
  'upgrade-insecure-requests' => '1',
  'user-agent' => 'Mozilla/5.0 (Windows NT 6.1; WOW64) AppleWebKit/537.36 (KHTML, like Gecko) Chrome/45.0.2454.101 Safari/537.36',
  'content-type' => 'application/x-www-form-urlencoded',
  'referer' => 'http://kaoqin.com/index.php/admin/login.html',
  'accept-encoding' => 'gzip, deflate',
  'accept-language' => 'zh-CN,zh;q=0.8',
  'cookie' => 'pgv_pvi=2373441536; PHPSESSID=rqraslggd5otht34nbf0jl6453',
)
[ info ] [ PARAM ] array (
  'username' => 'admin',
  'password' => '12345',
)
[ info ] [ SESSION ] INIT array (
  'id' => '',
  'var_session_id' => '',
  'prefix' => 'think',
  'type' => '',
  'auto_start' => true,
)
[ info ] [ RUN ] app\admin\controller\Login->index[ F:\kaoqing\application\admin\controller\Login.php ]
[ info ] [ DB ] INIT mysql
[ info ] [ VIEW ] F:\kaoqing\thinkphp\tpl\dispatch_jump.tpl [ array (
  0 => 'code',
  1 => 'msg',
  2 => 'data',
  3 => 'url',
  4 => 'wait',
) ]
[ info ] [ LOG ] INIT File
[ sql ] [ DB ] CONNECT:[ UseTime:0.022001s ] mysql:dbname=kaoqin;host=139.199.182.250;port=3306;charset=utf8
[ sql ] [ SQL ] SHOW COLUMNS FROM `system_user` [ RunTime:0.014001s ]
[ sql ] [ SQL ] SELECT * FROM `system_user` WHERE  `username` = 'admin' LIMIT 1 [ RunTime:0.010000s ]

---------------------------------------------------------------
[ 2017-03-28T23:02:04+08:00 ] 127.0.0.1 127.0.0.1 GET /index.php/admin.html
[ log ] kaoqin.com/index.php/admin.html [运行时间：0.073004s][吞吐率：13.70req/s] [内存消耗：1,744.99kb] [文件加载：49]
[ info ] [ LANG ] F:\kaoqing\thinkphp\lang\zh-cn.php
[ info ] [ ROUTE ] array (
  'type' => 'module',
  'module' => 
  array (
    0 => 'admin',
    1 => NULL,
    2 => NULL,
  ),
)
[ info ] [ HEADER ] array (
  'host' => 'kaoqin.com',
  'connection' => 'keep-alive',
  'accept' => 'text/html,application/xhtml+xml,application/xml;q=0.9,image/webp,*/*;q=0.8',
  'upgrade-insecure-requests' => '1',
  'user-agent' => 'Mozilla/5.0 (Windows NT 6.1; WOW64) AppleWebKit/537.36 (KHTML, like Gecko) Chrome/45.0.2454.101 Safari/537.36',
  'referer' => 'http://kaoqin.com/index.php/Admin/login/index.html',
  'accept-encoding' => 'gzip, deflate, sdch',
  'accept-language' => 'zh-CN,zh;q=0.8',
  'cookie' => 'pgv_pvi=2373441536; PHPSESSID=rqraslggd5otht34nbf0jl6453',
)
[ info ] [ PARAM ] array (
)
[ info ] [ SESSION ] INIT array (
  'id' => '',
  'var_session_id' => '',
  'prefix' => 'think',
  'type' => '',
  'auto_start' => true,
)
[ info ] [ RUN ] app\admin\controller\Index->index[ F:\kaoqing\application\admin\controller\Index.php ]
[ info ] [ VIEW ] ./public/static/admin/index\index.html [ array (
  0 => 'username',
  1 => 'isAdmin',
  2 => 'classuri',
) ]
[ info ] [ LOG ] INIT File

---------------------------------------------------------------
[ 2017-03-28T23:02:05+08:00 ] 127.0.0.1 127.0.0.1 GET /index.php/admin.html
[ log ] kaoqin.com/index.php/admin.html [运行时间：0.041003s][吞吐率：24.39req/s] [内存消耗：1,744.59kb] [文件加载：49]
[ info ] [ LANG ] F:\kaoqing\thinkphp\lang\zh-cn.php
[ info ] [ ROUTE ] array (
  'type' => 'module',
  'module' => 
  array (
    0 => 'admin',
    1 => NULL,
    2 => NULL,
  ),
)
[ info ] [ HEADER ] array (
  'host' => 'kaoqin.com',
  'connection' => 'keep-alive',
  'user-agent' => 'Mozilla/5.0 (Windows NT 6.1; WOW64) AppleWebKit/537.36 (KHTML, like Gecko) Chrome/45.0.2454.101 Safari/537.36',
  'accept' => '*/*',
  'referer' => 'http://kaoqin.com/index.php/admin.html',
  'accept-encoding' => 'gzip, deflate, sdch',
  'accept-language' => 'zh-CN,zh;q=0.8',
  'cookie' => 'pgv_pvi=2373441536; PHPSESSID=rqraslggd5otht34nbf0jl6453',
)
[ info ] [ PARAM ] array (
)
[ info ] [ SESSION ] INIT array (
  'id' => '',
  'var_session_id' => '',
  'prefix' => 'think',
  'type' => '',
  'auto_start' => true,
)
[ info ] [ RUN ] app\admin\controller\Index->index[ F:\kaoqing\application\admin\controller\Index.php ]
[ info ] [ VIEW ] ./public/static/admin/index\index.html [ array (
  0 => 'username',
  1 => 'isAdmin',
  2 => 'classuri',
) ]
[ info ] [ LOG ] INIT File

---------------------------------------------------------------
[ 2017-03-28T23:02:08+08:00 ] 127.0.0.1 127.0.0.1 GET /index.php/Admin/dept/deptlist.html
[ log ] kaoqin.com/index.php/Admin/dept/deptlist.html [运行时间：0.359021s][吞吐率：2.79req/s] [内存消耗：2,583.40kb] [文件加载：59]
[ info ] [ LANG ] F:\kaoqing\thinkphp\lang\zh-cn.php
[ info ] [ ROUTE ] array (
  'type' => 'module',
  'module' => 
  array (
    0 => 'Admin',
    1 => 'dept',
    2 => 'deptlist',
  ),
)
[ info ] [ HEADER ] array (
  'host' => 'kaoqin.com',
  'connection' => 'keep-alive',
  'accept' => 'text/html,application/xhtml+xml,application/xml;q=0.9,image/webp,*/*;q=0.8',
  'upgrade-insecure-requests' => '1',
  'user-agent' => 'Mozilla/5.0 (Windows NT 6.1; WOW64) AppleWebKit/537.36 (KHTML, like Gecko) Chrome/45.0.2454.101 Safari/537.36',
  'referer' => 'http://kaoqin.com/index.php/admin.html',
  'accept-encoding' => 'gzip, deflate, sdch',
  'accept-language' => 'zh-CN,zh;q=0.8',
  'cookie' => 'pgv_pvi=2373441536; PHPSESSID=rqraslggd5otht34nbf0jl6453',
)
[ info ] [ PARAM ] array (
)
[ info ] [ SESSION ] INIT array (
  'id' => '',
  'var_session_id' => '',
  'prefix' => 'think',
  'type' => '',
  'auto_start' => true,
)
[ info ] [ RUN ] app\admin\controller\Dept->deptList[ F:\kaoqing\application\admin\controller\Dept.php ]
[ info ] [ DB ] INIT mysql
[ info ] [ VIEW ] ./public/static/admin/dept\deptlist.html [ array (
  0 => 'username',
  1 => 'isAdmin',
  2 => 'classuri',
  3 => 'depts',
) ]
[ info ] [ LOG ] INIT File
[ sql ] [ DB ] CONNECT:[ UseTime:0.016001s ] mysql:dbname=kaoqin;host=139.199.182.250;port=3306;charset=utf8
[ sql ] [ SQL ] SHOW COLUMNS FROM `dept` [ RunTime:0.012001s ]
[ sql ] [ SQL ] SELECT COUNT(*) AS tp_count FROM ( SELECT count(*) FROM `dept` `d` LEFT JOIN `employee` `e` ON `e`.`dId`=`d`.`dId` WHERE  `d`.`isDel` = 0 GROUP BY d.dId ) `_group_count_` LIMIT 1 [ RunTime:0.014001s ]
[ sql ] [ SQL ] SELECT `d`.`dId`,`d`.`dName`,`d`.`description`,count(e.eId) as sum FROM `dept` `d` LEFT JOIN `employee` `e` ON `e`.`dId`=`d`.`dId` WHERE  `d`.`isDel` = 0 GROUP BY d.dId LIMIT 0,5 [ RunTime:0.013001s ]

---------------------------------------------------------------
[ 2017-03-28T23:02:08+08:00 ] 127.0.0.1 127.0.0.1 GET /index.php/Admin/dept/deptlist.html
[ log ] kaoqin.com/index.php/Admin/dept/deptlist.html [运行时间：0.118007s][吞吐率：8.47req/s] [内存消耗：2,583.08kb] [文件加载：59]
[ info ] [ LANG ] F:\kaoqing\thinkphp\lang\zh-cn.php
[ info ] [ ROUTE ] array (
  'type' => 'module',
  'module' => 
  array (
    0 => 'Admin',
    1 => 'dept',
    2 => 'deptlist',
  ),
)
[ info ] [ HEADER ] array (
  'host' => 'kaoqin.com',
  'connection' => 'keep-alive',
  'user-agent' => 'Mozilla/5.0 (Windows NT 6.1; WOW64) AppleWebKit/537.36 (KHTML, like Gecko) Chrome/45.0.2454.101 Safari/537.36',
  'accept' => '*/*',
  'referer' => 'http://kaoqin.com/index.php/Admin/dept/deptlist.html',
  'accept-encoding' => 'gzip, deflate, sdch',
  'accept-language' => 'zh-CN,zh;q=0.8',
  'cookie' => 'pgv_pvi=2373441536; PHPSESSID=rqraslggd5otht34nbf0jl6453',
)
[ info ] [ PARAM ] array (
)
[ info ] [ SESSION ] INIT array (
  'id' => '',
  'var_session_id' => '',
  'prefix' => 'think',
  'type' => '',
  'auto_start' => true,
)
[ info ] [ RUN ] app\admin\controller\Dept->deptList[ F:\kaoqing\application\admin\controller\Dept.php ]
[ info ] [ DB ] INIT mysql
[ info ] [ VIEW ] ./public/static/admin/dept\deptlist.html [ array (
  0 => 'username',
  1 => 'isAdmin',
  2 => 'classuri',
  3 => 'depts',
) ]
[ info ] [ LOG ] INIT File
[ sql ] [ DB ] CONNECT:[ UseTime:0.020001s ] mysql:dbname=kaoqin;host=139.199.182.250;port=3306;charset=utf8
[ sql ] [ SQL ] SHOW COLUMNS FROM `dept` [ RunTime:0.013001s ]
[ sql ] [ SQL ] SELECT COUNT(*) AS tp_count FROM ( SELECT count(*) FROM `dept` `d` LEFT JOIN `employee` `e` ON `e`.`dId`=`d`.`dId` WHERE  `d`.`isDel` = 0 GROUP BY d.dId ) `_group_count_` LIMIT 1 [ RunTime:0.013000s ]
[ sql ] [ SQL ] SELECT `d`.`dId`,`d`.`dName`,`d`.`description`,count(e.eId) as sum FROM `dept` `d` LEFT JOIN `employee` `e` ON `e`.`dId`=`d`.`dId` WHERE  `d`.`isDel` = 0 GROUP BY d.dId LIMIT 0,5 [ RunTime:0.013001s ]

---------------------------------------------------------------
[ 2017-03-28T23:02:12+08:00 ] 127.0.0.1 127.0.0.1 GET /index.php/Admin/user/userlist.html
[ log ] kaoqin.com/index.php/Admin/user/userlist.html [运行时间：0.492028s][吞吐率：2.03req/s] [内存消耗：2,593.02kb] [文件加载：59]
[ info ] [ LANG ] F:\kaoqing\thinkphp\lang\zh-cn.php
[ info ] [ ROUTE ] array (
  'type' => 'module',
  'module' => 
  array (
    0 => 'Admin',
    1 => 'user',
    2 => 'userlist',
  ),
)
[ info ] [ HEADER ] array (
  'host' => 'kaoqin.com',
  'connection' => 'keep-alive',
  'accept' => 'text/html,application/xhtml+xml,application/xml;q=0.9,image/webp,*/*;q=0.8',
  'upgrade-insecure-requests' => '1',
  'user-agent' => 'Mozilla/5.0 (Windows NT 6.1; WOW64) AppleWebKit/537.36 (KHTML, like Gecko) Chrome/45.0.2454.101 Safari/537.36',
  'referer' => 'http://kaoqin.com/index.php/Admin/dept/deptlist.html',
  'accept-encoding' => 'gzip, deflate, sdch',
  'accept-language' => 'zh-CN,zh;q=0.8',
  'cookie' => 'pgv_pvi=2373441536; PHPSESSID=rqraslggd5otht34nbf0jl6453',
)
[ info ] [ PARAM ] array (
)
[ info ] [ SESSION ] INIT array (
  'id' => '',
  'var_session_id' => '',
  'prefix' => 'think',
  'type' => '',
  'auto_start' => true,
)
[ info ] [ RUN ] app\admin\controller\User->userlist[ F:\kaoqing\application\admin\controller\User.php ]
[ info ] [ DB ] INIT mysql
[ info ] [ VIEW ] ./public/static/admin/user\userlist.html [ array (
  0 => 'username',
  1 => 'isAdmin',
  2 => 'classuri',
  3 => 'users',
) ]
[ info ] [ LOG ] INIT File
[ sql ] [ DB ] CONNECT:[ UseTime:0.021002s ] mysql:dbname=kaoqin;host=139.199.182.250;port=3306;charset=utf8
[ sql ] [ SQL ] SHOW COLUMNS FROM `system_user` [ RunTime:0.013000s ]
[ sql ] [ SQL ] SELECT COUNT(*) AS tp_count FROM `system_user` WHERE  `status` = 1 LIMIT 1 [ RunTime:0.010001s ]
[ sql ] [ SQL ] SELECT * FROM `system_user` WHERE  `status` = 1 LIMIT 0,3 [ RunTime:0.010001s ]

---------------------------------------------------------------
[ 2017-03-28T23:02:13+08:00 ] 127.0.0.1 127.0.0.1 GET /index.php/Admin/user/userlist.html
[ log ] kaoqin.com/index.php/Admin/user/userlist.html [运行时间：0.113007s][吞吐率：8.85req/s] [内存消耗：2,592.63kb] [文件加载：59]
[ info ] [ LANG ] F:\kaoqing\thinkphp\lang\zh-cn.php
[ info ] [ ROUTE ] array (
  'type' => 'module',
  'module' => 
  array (
    0 => 'Admin',
    1 => 'user',
    2 => 'userlist',
  ),
)
[ info ] [ HEADER ] array (
  'host' => 'kaoqin.com',
  'connection' => 'keep-alive',
  'user-agent' => 'Mozilla/5.0 (Windows NT 6.1; WOW64) AppleWebKit/537.36 (KHTML, like Gecko) Chrome/45.0.2454.101 Safari/537.36',
  'accept' => '*/*',
  'referer' => 'http://kaoqin.com/index.php/Admin/user/userlist.html',
  'accept-encoding' => 'gzip, deflate, sdch',
  'accept-language' => 'zh-CN,zh;q=0.8',
  'cookie' => 'pgv_pvi=2373441536; PHPSESSID=rqraslggd5otht34nbf0jl6453',
)
[ info ] [ PARAM ] array (
)
[ info ] [ SESSION ] INIT array (
  'id' => '',
  'var_session_id' => '',
  'prefix' => 'think',
  'type' => '',
  'auto_start' => true,
)
[ info ] [ RUN ] app\admin\controller\User->userlist[ F:\kaoqing\application\admin\controller\User.php ]
[ info ] [ DB ] INIT mysql
[ info ] [ VIEW ] ./public/static/admin/user\userlist.html [ array (
  0 => 'username',
  1 => 'isAdmin',
  2 => 'classuri',
  3 => 'users',
) ]
[ info ] [ LOG ] INIT File
[ sql ] [ DB ] CONNECT:[ UseTime:0.021001s ] mysql:dbname=kaoqin;host=139.199.182.250;port=3306;charset=utf8
[ sql ] [ SQL ] SHOW COLUMNS FROM `system_user` [ RunTime:0.012000s ]
[ sql ] [ SQL ] SELECT COUNT(*) AS tp_count FROM `system_user` WHERE  `status` = 1 LIMIT 1 [ RunTime:0.012001s ]
[ sql ] [ SQL ] SELECT * FROM `system_user` WHERE  `status` = 1 LIMIT 0,3 [ RunTime:0.011001s ]

---------------------------------------------------------------
[ 2017-03-28T23:02:49+08:00 ] 127.0.0.1 127.0.0.1 GET /
[ log ] kaoqin.com/ [运行时间：0.044002s][吞吐率：22.73req/s] [内存消耗：1,655.12kb] [文件加载：48]
[ info ] [ LANG ] F:\kaoqing\thinkphp\lang\zh-cn.php
[ info ] [ ROUTE ] array (
  'type' => 'module',
  'module' => 
  array (
    0 => '',
    1 => NULL,
    2 => NULL,
  ),
)
[ info ] [ HEADER ] array (
  'host' => 'kaoqin.com',
  'connection' => 'keep-alive',
  'accept' => 'text/html,application/xhtml+xml,application/xml;q=0.9,image/webp,*/*;q=0.8',
  'upgrade-insecure-requests' => '1',
  'user-agent' => 'Mozilla/5.0 (Windows NT 6.1; WOW64) AppleWebKit/537.36 (KHTML, like Gecko) Chrome/45.0.2454.101 Safari/537.36',
  'accept-encoding' => 'gzip, deflate, sdch',
  'accept-language' => 'zh-CN,zh;q=0.8',
  'cookie' => 'pgv_pvi=2373441536; PHPSESSID=rqraslggd5otht34nbf0jl6453',
)
[ info ] [ PARAM ] array (
)
[ info ] [ SESSION ] INIT array (
  'id' => '',
  'var_session_id' => '',
  'prefix' => 'think',
  'type' => '',
  'auto_start' => true,
)
[ info ] [ RUN ] app\index\controller\Index->index[ F:\kaoqing\application\index\controller\Index.php ]
[ info ] [ VIEW ] ./public/static/index/index\index.html [ array (
  0 => 'user',
) ]
[ info ] [ LOG ] INIT File

---------------------------------------------------------------
[ 2017-03-28T23:02:50+08:00 ] 127.0.0.1 127.0.0.1 GET /index.php/Index/login/
[ log ] kaoqin.com/index.php/Index/login/ [运行时间：0.048002s][吞吐率：20.83req/s] [内存消耗：1,722.43kb] [文件加载：49]
[ info ] [ LANG ] F:\kaoqing\thinkphp\lang\zh-cn.php
[ info ] [ ROUTE ] array (
  'type' => 'module',
  'module' => 
  array (
    0 => 'Index',
    1 => 'login',
    2 => NULL,
  ),
)
[ info ] [ HEADER ] array (
  'host' => 'kaoqin.com',
  'connection' => 'keep-alive',
  'accept' => 'text/html,application/xhtml+xml,application/xml;q=0.9,image/webp,*/*;q=0.8',
  'upgrade-insecure-requests' => '1',
  'user-agent' => 'Mozilla/5.0 (Windows NT 6.1; WOW64) AppleWebKit/537.36 (KHTML, like Gecko) Chrome/45.0.2454.101 Safari/537.36',
  'referer' => 'http://kaoqin.com/',
  'accept-encoding' => 'gzip, deflate, sdch',
  'accept-language' => 'zh-CN,zh;q=0.8',
  'cookie' => 'pgv_pvi=2373441536; PHPSESSID=rqraslggd5otht34nbf0jl6453',
)
[ info ] [ PARAM ] array (
)
[ info ] [ SESSION ] INIT array (
  'id' => '',
  'var_session_id' => '',
  'prefix' => 'think',
  'type' => '',
  'auto_start' => true,
)
[ info ] [ RUN ] app\index\controller\Login->index[ F:\kaoqing\application\index\controller\Login.php ]
[ info ] [ VIEW ] ./public/static/index/login\index.html [ array (
  0 => 'user',
) ]
[ info ] [ LOG ] INIT File

---------------------------------------------------------------
[ 2017-03-28T23:02:50+08:00 ] 127.0.0.1 127.0.0.1 GET /index.php/captcha.html
[ log ] kaoqin.com/index.php/captcha.html [运行时间：0.080005s][吞吐率：12.50req/s] [内存消耗：1,414.27kb] [文件加载：39]
[ info ] [ LANG ] F:\kaoqing\thinkphp\lang\zh-cn.php
[ info ] [ ROUTE ] array (
  'type' => 'method',
  'method' => 
  array (
    0 => '\\think\\captcha\\CaptchaController',
    1 => 'index',
  ),
  'var' => 
  array (
  ),
)
[ info ] [ HEADER ] array (
  'host' => 'kaoqin.com',
  'connection' => 'keep-alive',
  'accept' => 'image/webp,image/*,*/*;q=0.8',
  'user-agent' => 'Mozilla/5.0 (Windows NT 6.1; WOW64) AppleWebKit/537.36 (KHTML, like Gecko) Chrome/45.0.2454.101 Safari/537.36',
  'referer' => 'http://kaoqin.com/index.php/Index/login/',
  'accept-encoding' => 'gzip, deflate, sdch',
  'accept-language' => 'zh-CN,zh;q=0.8',
  'cookie' => 'pgv_pvi=2373441536; PHPSESSID=rqraslggd5otht34nbf0jl6453',
)
[ info ] [ PARAM ] array (
  'id' => NULL,
)
[ info ] [ RUN ] think\captcha\CaptchaController->index[ F:\kaoqing\vendor\topthink\think-captcha\src\CaptchaController.php ]
[ info ] [ SESSION ] INIT array (
  'id' => '',
  'var_session_id' => '',
  'prefix' => 'think',
  'type' => '',
  'auto_start' => true,
)
[ info ] [ LOG ] INIT File

---------------------------------------------------------------
