[ 2017-03-29T23:10:10+08:00 ] 127.0.0.1 127.0.0.1 GET /
[ log ] kaoqin.com/ [运行时间：1.511086s][吞吐率：0.66req/s] [内存消耗：1,653.54kb] [文件加载：48]
[ info ] [ LANG ] F:\kaoqing\thinkphp\lang\zh-cn.php
[ info ] [ ROUTE ] array (
  'type' => 'module',
  'module' => 
  array (
    0 => '',
    1 => NULL,
    2 => NULL,
  ),
)
[ info ] [ HEADER ] array (
  'host' => 'kaoqin.com',
  'connection' => 'keep-alive',
  'accept' => 'text/html,application/xhtml+xml,application/xml;q=0.9,image/webp,*/*;q=0.8',
  'upgrade-insecure-requests' => '1',
  'user-agent' => 'Mozilla/5.0 (Windows NT 6.1; WOW64) AppleWebKit/537.36 (KHTML, like Gecko) Chrome/45.0.2454.101 Safari/537.36',
  'accept-encoding' => 'gzip, deflate, sdch',
  'accept-language' => 'zh-CN,zh;q=0.8',
  'cookie' => 'pgv_pvi=2373441536',
)
[ info ] [ PARAM ] array (
)
[ info ] [ SESSION ] INIT array (
  'id' => '',
  'var_session_id' => '',
  'prefix' => 'think',
  'type' => '',
  'auto_start' => true,
)
[ info ] [ RUN ] app\index\controller\Index->index[ F:\kaoqing\application\index\controller\Index.php ]
[ info ] [ VIEW ] ./public/static/index/index\index.html [ array (
  0 => 'user',
) ]
[ info ] [ LOG ] INIT File

---------------------------------------------------------------
[ 2017-03-29T23:10:13+08:00 ] 127.0.0.1 127.0.0.1 GET /index.php/Index/login/
[ log ] kaoqin.com/index.php/Index/login/ [运行时间：0.152008s][吞吐率：6.58req/s] [内存消耗：1,720.71kb] [文件加载：49]
[ info ] [ LANG ] F:\kaoqing\thinkphp\lang\zh-cn.php
[ info ] [ ROUTE ] array (
  'type' => 'module',
  'module' => 
  array (
    0 => 'Index',
    1 => 'login',
    2 => NULL,
  ),
)
[ info ] [ HEADER ] array (
  'host' => 'kaoqin.com',
  'connection' => 'keep-alive',
  'accept' => 'text/html,application/xhtml+xml,application/xml;q=0.9,image/webp,*/*;q=0.8',
  'upgrade-insecure-requests' => '1',
  'user-agent' => 'Mozilla/5.0 (Windows NT 6.1; WOW64) AppleWebKit/537.36 (KHTML, like Gecko) Chrome/45.0.2454.101 Safari/537.36',
  'referer' => 'http://kaoqin.com/',
  'accept-encoding' => 'gzip, deflate, sdch',
  'accept-language' => 'zh-CN,zh;q=0.8',
  'cookie' => 'pgv_pvi=2373441536; PHPSESSID=k67jv6tscqkmkvpaieb2sd0p92',
)
[ info ] [ PARAM ] array (
)
[ info ] [ SESSION ] INIT array (
  'id' => '',
  'var_session_id' => '',
  'prefix' => 'think',
  'type' => '',
  'auto_start' => true,
)
[ info ] [ RUN ] app\index\controller\Login->index[ F:\kaoqing\application\index\controller\Login.php ]
[ info ] [ VIEW ] ./public/static/index/login\index.html [ array (
  0 => 'user',
) ]
[ info ] [ LOG ] INIT File

---------------------------------------------------------------
[ 2017-03-29T23:10:13+08:00 ] 127.0.0.1 127.0.0.1 GET /index.php/captcha.html
[ log ] kaoqin.com/index.php/captcha.html [运行时间：0.253014s][吞吐率：3.95req/s] [内存消耗：1,412.58kb] [文件加载：39]
[ info ] [ LANG ] F:\kaoqing\thinkphp\lang\zh-cn.php
[ info ] [ ROUTE ] array (
  'type' => 'method',
  'method' => 
  array (
    0 => '\\think\\captcha\\CaptchaController',
    1 => 'index',
  ),
  'var' => 
  array (
  ),
)
[ info ] [ HEADER ] array (
  'host' => 'kaoqin.com',
  'connection' => 'keep-alive',
  'accept' => 'image/webp,image/*,*/*;q=0.8',
  'user-agent' => 'Mozilla/5.0 (Windows NT 6.1; WOW64) AppleWebKit/537.36 (KHTML, like Gecko) Chrome/45.0.2454.101 Safari/537.36',
  'referer' => 'http://kaoqin.com/index.php/Index/login/',
  'accept-encoding' => 'gzip, deflate, sdch',
  'accept-language' => 'zh-CN,zh;q=0.8',
  'cookie' => 'pgv_pvi=2373441536; PHPSESSID=k67jv6tscqkmkvpaieb2sd0p92',
)
[ info ] [ PARAM ] array (
  'id' => NULL,
)
[ info ] [ RUN ] think\captcha\CaptchaController->index[ F:\kaoqing\vendor\topthink\think-captcha\src\CaptchaController.php ]
[ info ] [ SESSION ] INIT array (
  'id' => '',
  'var_session_id' => '',
  'prefix' => 'think',
  'type' => '',
  'auto_start' => true,
)
[ info ] [ LOG ] INIT File

---------------------------------------------------------------
[ 2017-03-29T23:10:24+08:00 ] 127.0.0.1 127.0.0.1 POST /index.php/index/login/login.html
[ log ] kaoqin.com/index.php/index/login/login.html [运行时间：0.447026s][吞吐率：2.24req/s] [内存消耗：2,426.95kb] [文件加载：55]
[ info ] [ LANG ] F:\kaoqing\thinkphp\lang\zh-cn.php
[ info ] [ ROUTE ] array (
  'type' => 'module',
  'module' => 
  array (
    0 => 'index',
    1 => 'login',
    2 => 'login',
  ),
)
[ info ] [ HEADER ] array (
  'host' => 'kaoqin.com',
  'connection' => 'keep-alive',
  'content-length' => '42',
  'accept' => '*/*',
  'origin' => 'http://kaoqin.com',
  'x-requested-with' => 'XMLHttpRequest',
  'user-agent' => 'Mozilla/5.0 (Windows NT 6.1; WOW64) AppleWebKit/537.36 (KHTML, like Gecko) Chrome/45.0.2454.101 Safari/537.36',
  'content-type' => 'application/x-www-form-urlencoded; charset=UTF-8',
  'referer' => 'http://kaoqin.com/index.php/Index/login/',
  'accept-encoding' => 'gzip, deflate',
  'accept-language' => 'zh-CN,zh;q=0.8',
  'cookie' => 'pgv_pvi=2373441536; PHPSESSID=k67jv6tscqkmkvpaieb2sd0p92',
)
[ info ] [ PARAM ] array (
  'empId' => '10009',
  'password' => '12345',
  'validte_code' => 'cz',
)
[ info ] [ SESSION ] INIT array (
  'id' => '',
  'var_session_id' => '',
  'prefix' => 'think',
  'type' => '',
  'auto_start' => true,
)
[ info ] [ RUN ] app\index\controller\Login->login[ F:\kaoqing\application\index\controller\Login.php ]
[ info ] [ DB ] INIT mysql
[ info ] [ LOG ] INIT File
[ sql ] [ DB ] CONNECT:[ UseTime:0.023002s ] mysql:dbname=kaoqin;host=139.199.182.250;port=3306;charset=utf8
[ sql ] [ SQL ] SHOW COLUMNS FROM `employee` [ RunTime:0.012001s ]
[ sql ] [ SQL ] SELECT * FROM `employee` WHERE  `eId` = 10009 LIMIT 1 [ RunTime:0.012001s ]

---------------------------------------------------------------
[ 2017-03-29T23:10:26+08:00 ] 127.0.0.1 127.0.0.1 GET /index.php/Index/login/index.php/Index/index
[ log ] kaoqin.com/index.php/Index/login/index.php/Index/index [运行时间：0.118007s][吞吐率：8.47req/s] [内存消耗：1,728.73kb] [文件加载：49]
[ info ] [ LANG ] F:\kaoqing\thinkphp\lang\zh-cn.php
[ info ] [ ROUTE ] array (
  'type' => 'module',
  'module' => 
  array (
    0 => 'Index',
    1 => 'login',
    2 => 'index.php',
  ),
)
[ info ] [ HEADER ] array (
  'host' => 'kaoqin.com',
  'connection' => 'keep-alive',
  'accept' => 'text/html,application/xhtml+xml,application/xml;q=0.9,image/webp,*/*;q=0.8',
  'upgrade-insecure-requests' => '1',
  'user-agent' => 'Mozilla/5.0 (Windows NT 6.1; WOW64) AppleWebKit/537.36 (KHTML, like Gecko) Chrome/45.0.2454.101 Safari/537.36',
  'referer' => 'http://kaoqin.com/index.php/Index/login/',
  'accept-encoding' => 'gzip, deflate, sdch',
  'accept-language' => 'zh-CN,zh;q=0.8',
  'cookie' => 'pgv_pvi=2373441536; PHPSESSID=k67jv6tscqkmkvpaieb2sd0p92',
)
[ info ] [ PARAM ] array (
  'Index' => 'index',
)
[ info ] [ SESSION ] INIT array (
  'id' => '',
  'var_session_id' => '',
  'prefix' => 'think',
  'type' => '',
  'auto_start' => true,
)
[ info ] [ LOG ] INIT File

---------------------------------------------------------------
[ 2017-03-29T23:10:26+08:00 ] 127.0.0.1 127.0.0.1 GET /index.php/index.html
[ log ] kaoqin.com/index.php/index.html [运行时间：0.033001s][吞吐率：30.30req/s] [内存消耗：1,714.22kb] [文件加载：49]
[ info ] [ LANG ] F:\kaoqing\thinkphp\lang\zh-cn.php
[ info ] [ ROUTE ] array (
  'type' => 'module',
  'module' => 
  array (
    0 => 'index',
    1 => NULL,
    2 => NULL,
  ),
)
[ info ] [ HEADER ] array (
  'host' => 'kaoqin.com',
  'connection' => 'keep-alive',
  'accept' => 'text/html,application/xhtml+xml,application/xml;q=0.9,image/webp,*/*;q=0.8',
  'upgrade-insecure-requests' => '1',
  'user-agent' => 'Mozilla/5.0 (Windows NT 6.1; WOW64) AppleWebKit/537.36 (KHTML, like Gecko) Chrome/45.0.2454.101 Safari/537.36',
  'referer' => 'http://kaoqin.com/index.php/Index/login/',
  'accept-encoding' => 'gzip, deflate, sdch',
  'accept-language' => 'zh-CN,zh;q=0.8',
  'cookie' => 'pgv_pvi=2373441536; PHPSESSID=k67jv6tscqkmkvpaieb2sd0p92',
)
[ info ] [ PARAM ] array (
)
[ info ] [ SESSION ] INIT array (
  'id' => '',
  'var_session_id' => '',
  'prefix' => 'think',
  'type' => '',
  'auto_start' => true,
)
[ info ] [ RUN ] app\index\controller\Index->index[ F:\kaoqing\application\index\controller\Index.php ]
[ info ] [ VIEW ] ./public/static/index/index\index.html [ array (
  0 => 'user',
) ]
[ info ] [ LOG ] INIT File

---------------------------------------------------------------
[ 2017-03-29T23:10:33+08:00 ] 127.0.0.1 127.0.0.1 GET /index.php/Index/employee/index.html
[ log ] kaoqin.com/index.php/Index/employee/index.html [运行时间：0.149009s][吞吐率：6.71req/s] [内存消耗：2,437.36kb] [文件加载：56]
[ info ] [ LANG ] F:\kaoqing\thinkphp\lang\zh-cn.php
[ info ] [ ROUTE ] array (
  'type' => 'module',
  'module' => 
  array (
    0 => 'Index',
    1 => 'employee',
    2 => 'index',
  ),
)
[ info ] [ HEADER ] array (
  'host' => 'kaoqin.com',
  'connection' => 'keep-alive',
  'accept' => 'text/html,application/xhtml+xml,application/xml;q=0.9,image/webp,*/*;q=0.8',
  'upgrade-insecure-requests' => '1',
  'user-agent' => 'Mozilla/5.0 (Windows NT 6.1; WOW64) AppleWebKit/537.36 (KHTML, like Gecko) Chrome/45.0.2454.101 Safari/537.36',
  'referer' => 'http://kaoqin.com/index.php/index.html',
  'accept-encoding' => 'gzip, deflate, sdch',
  'accept-language' => 'zh-CN,zh;q=0.8',
  'cookie' => 'pgv_pvi=2373441536; PHPSESSID=k67jv6tscqkmkvpaieb2sd0p92',
)
[ info ] [ PARAM ] array (
)
[ info ] [ SESSION ] INIT array (
  'id' => '',
  'var_session_id' => '',
  'prefix' => 'think',
  'type' => '',
  'auto_start' => true,
)
[ info ] [ RUN ] app\index\controller\Employee->index[ F:\kaoqing\application\index\controller\Employee.php ]
[ info ] [ DB ] INIT mysql
[ info ] [ VIEW ] ./public/static/index/employee\index.html [ array (
  0 => 'user',
  1 => 'emp',
) ]
[ info ] [ LOG ] INIT File
[ sql ] [ DB ] CONNECT:[ UseTime:0.021001s ] mysql:dbname=kaoqin;host=139.199.182.250;port=3306;charset=utf8
[ sql ] [ SQL ] SHOW COLUMNS FROM `employee` [ RunTime:0.011001s ]
[ sql ] [ SQL ] SELECT * FROM `employee` WHERE  `eId` = 10009 [ RunTime:0.010000s ]
[ sql ] [ SQL ] SHOW COLUMNS FROM `dept` [ RunTime:0.011000s ]
[ sql ] [ SQL ] SELECT `dName` FROM `dept` WHERE  `dId` = 1 LIMIT 1 [ RunTime:0.010001s ]

---------------------------------------------------------------
[ 2017-03-29T23:10:43+08:00 ] 127.0.0.1 127.0.0.1 GET /index.php/Index/leave/index.html
[ log ] kaoqin.com/index.php/Index/leave/index.html [运行时间：0.095006s][吞吐率：10.53req/s] [内存消耗：1,718.43kb] [文件加载：49]
[ info ] [ LANG ] F:\kaoqing\thinkphp\lang\zh-cn.php
[ info ] [ ROUTE ] array (
  'type' => 'module',
  'module' => 
  array (
    0 => 'Index',
    1 => 'leave',
    2 => 'index',
  ),
)
[ info ] [ HEADER ] array (
  'host' => 'kaoqin.com',
  'connection' => 'keep-alive',
  'accept' => 'text/html,application/xhtml+xml,application/xml;q=0.9,image/webp,*/*;q=0.8',
  'upgrade-insecure-requests' => '1',
  'user-agent' => 'Mozilla/5.0 (Windows NT 6.1; WOW64) AppleWebKit/537.36 (KHTML, like Gecko) Chrome/45.0.2454.101 Safari/537.36',
  'referer' => 'http://kaoqin.com/index.php/Index/employee/index.html',
  'accept-encoding' => 'gzip, deflate, sdch',
  'accept-language' => 'zh-CN,zh;q=0.8',
  'cookie' => 'pgv_pvi=2373441536; PHPSESSID=k67jv6tscqkmkvpaieb2sd0p92',
)
[ info ] [ PARAM ] array (
)
[ info ] [ SESSION ] INIT array (
  'id' => '',
  'var_session_id' => '',
  'prefix' => 'think',
  'type' => '',
  'auto_start' => true,
)
[ info ] [ RUN ] app\index\controller\Leave->index[ F:\kaoqing\application\index\controller\Leave.php ]
[ info ] [ VIEW ] ./public/static/index/leave\index.html [ array (
  0 => 'user',
) ]
[ info ] [ LOG ] INIT File

---------------------------------------------------------------
[ 2017-03-29T23:15:06+08:00 ] 127.0.0.1 127.0.0.1 GET /index.php/Index/leave/index.html
[ log ] kaoqin.com/index.php/Index/leave/index.html [运行时间：0.035002s][吞吐率：28.57req/s] [内存消耗：1,718.58kb] [文件加载：49]
[ info ] [ LANG ] F:\kaoqing\thinkphp\lang\zh-cn.php
[ info ] [ ROUTE ] array (
  'type' => 'module',
  'module' => 
  array (
    0 => 'Index',
    1 => 'leave',
    2 => 'index',
  ),
)
[ info ] [ HEADER ] array (
  'host' => 'kaoqin.com',
  'connection' => 'keep-alive',
  'cache-control' => 'max-age=0',
  'accept' => 'text/html,application/xhtml+xml,application/xml;q=0.9,image/webp,*/*;q=0.8',
  'upgrade-insecure-requests' => '1',
  'user-agent' => 'Mozilla/5.0 (Windows NT 6.1; WOW64) AppleWebKit/537.36 (KHTML, like Gecko) Chrome/45.0.2454.101 Safari/537.36',
  'referer' => 'http://kaoqin.com/index.php/Index/employee/index.html',
  'accept-encoding' => 'gzip, deflate, sdch',
  'accept-language' => 'zh-CN,zh;q=0.8',
  'cookie' => 'pgv_pvi=2373441536; PHPSESSID=k67jv6tscqkmkvpaieb2sd0p92',
)
[ info ] [ PARAM ] array (
)
[ info ] [ SESSION ] INIT array (
  'id' => '',
  'var_session_id' => '',
  'prefix' => 'think',
  'type' => '',
  'auto_start' => true,
)
[ info ] [ RUN ] app\index\controller\Leave->index[ F:\kaoqing\application\index\controller\Leave.php ]
[ info ] [ VIEW ] ./public/static/index/leave\index.html [ array (
  0 => 'user',
) ]
[ info ] [ LOG ] INIT File

---------------------------------------------------------------
[ 2017-03-29T23:26:46+08:00 ] 127.0.0.1 127.0.0.1 GET /index.php/Index/leave/leavelist
[ log ] kaoqin.com/index.php/Index/leave/leavelist [运行时间：0.151008s][吞吐率：6.62req/s] [内存消耗：1,876.48kb] [文件加载：51]
[ info ] [ LANG ] F:\kaoqing\thinkphp\lang\zh-cn.php
[ info ] [ ROUTE ] array (
  'type' => 'module',
  'module' => 
  array (
    0 => 'Index',
    1 => 'leave',
    2 => 'leavelist',
  ),
)
[ info ] [ HEADER ] array (
  'host' => 'kaoqin.com',
  'connection' => 'keep-alive',
  'accept' => 'text/html,application/xhtml+xml,application/xml;q=0.9,image/webp,*/*;q=0.8',
  'upgrade-insecure-requests' => '1',
  'user-agent' => 'Mozilla/5.0 (Windows NT 6.1; WOW64) AppleWebKit/537.36 (KHTML, like Gecko) Chrome/45.0.2454.101 Safari/537.36',
  'accept-encoding' => 'gzip, deflate, sdch',
  'accept-language' => 'zh-CN,zh;q=0.8',
  'cookie' => 'pgv_pvi=2373441536; PHPSESSID=k67jv6tscqkmkvpaieb2sd0p92',
)
[ info ] [ PARAM ] array (
)
[ info ] [ SESSION ] INIT array (
  'id' => '',
  'var_session_id' => '',
  'prefix' => 'think',
  'type' => '',
  'auto_start' => true,
)
[ info ] [ RUN ] app\index\controller\Leave->leavelist[ F:\kaoqing\application\index\controller\Leave.php ]
[ info ] [ VIEW ] ./public/static/index/leave\leavelist.html [ array (
  0 => 'user',
) ]
[ info ] [ LOG ] INIT File

---------------------------------------------------------------
[ 2017-03-29T23:35:00+08:00 ] 127.0.0.1 127.0.0.1 GET /
[ log ] kaoqin.com/ [运行时间：0.029002s][吞吐率：34.48req/s] [内存消耗：1,713.95kb] [文件加载：49]
[ info ] [ LANG ] F:\kaoqing\thinkphp\lang\zh-cn.php
[ info ] [ ROUTE ] array (
  'type' => 'module',
  'module' => 
  array (
    0 => '',
    1 => NULL,
    2 => NULL,
  ),
)
[ info ] [ HEADER ] array (
  'host' => 'kaoqin.com',
  'connection' => 'keep-alive',
  'accept' => 'text/html,application/xhtml+xml,application/xml;q=0.9,image/webp,*/*;q=0.8',
  'upgrade-insecure-requests' => '1',
  'user-agent' => 'Mozilla/5.0 (Windows NT 6.1; WOW64) AppleWebKit/537.36 (KHTML, like Gecko) Chrome/45.0.2454.101 Safari/537.36',
  'accept-encoding' => 'gzip, deflate, sdch',
  'accept-language' => 'zh-CN,zh;q=0.8',
  'cookie' => 'pgv_pvi=2373441536; PHPSESSID=k67jv6tscqkmkvpaieb2sd0p92',
)
[ info ] [ PARAM ] array (
)
[ info ] [ SESSION ] INIT array (
  'id' => '',
  'var_session_id' => '',
  'prefix' => 'think',
  'type' => '',
  'auto_start' => true,
)
[ info ] [ RUN ] app\index\controller\Index->index[ F:\kaoqing\application\index\controller\Index.php ]
[ info ] [ VIEW ] ./public/static/index/index\index.html [ array (
  0 => 'user',
) ]
[ info ] [ LOG ] INIT File

---------------------------------------------------------------
[ 2017-03-29T23:35:32+08:00 ] 127.0.0.1 127.0.0.1 GET /
[ log ] kaoqin.com/ [运行时间：0.030002s][吞吐率：33.33req/s] [内存消耗：1,713.95kb] [文件加载：49]
[ info ] [ LANG ] F:\kaoqing\thinkphp\lang\zh-cn.php
[ info ] [ ROUTE ] array (
  'type' => 'module',
  'module' => 
  array (
    0 => '',
    1 => NULL,
    2 => NULL,
  ),
)
[ info ] [ HEADER ] array (
  'host' => 'kaoqin.com',
  'connection' => 'keep-alive',
  'accept' => 'text/html,application/xhtml+xml,application/xml;q=0.9,image/webp,*/*;q=0.8',
  'upgrade-insecure-requests' => '1',
  'user-agent' => 'Mozilla/5.0 (Windows NT 6.1; WOW64) AppleWebKit/537.36 (KHTML, like Gecko) Chrome/45.0.2454.101 Safari/537.36',
  'accept-encoding' => 'gzip, deflate, sdch',
  'accept-language' => 'zh-CN,zh;q=0.8',
  'cookie' => 'pgv_pvi=2373441536; PHPSESSID=k67jv6tscqkmkvpaieb2sd0p92',
)
[ info ] [ PARAM ] array (
)
[ info ] [ SESSION ] INIT array (
  'id' => '',
  'var_session_id' => '',
  'prefix' => 'think',
  'type' => '',
  'auto_start' => true,
)
[ info ] [ RUN ] app\index\controller\Index->index[ F:\kaoqing\application\index\controller\Index.php ]
[ info ] [ VIEW ] ./public/static/index/index\index.html [ array (
  0 => 'user',
) ]
[ info ] [ LOG ] INIT File

---------------------------------------------------------------
[ 2017-03-29T23:35:34+08:00 ] 127.0.0.1 127.0.0.1 GET /index.php/Index/index
[ log ] kaoqin.com/index.php/Index/index [运行时间：0.031002s][吞吐率：32.26req/s] [内存消耗：1,714.19kb] [文件加载：49]
[ info ] [ LANG ] F:\kaoqing\thinkphp\lang\zh-cn.php
[ info ] [ ROUTE ] array (
  'type' => 'module',
  'module' => 
  array (
    0 => 'Index',
    1 => 'index',
    2 => NULL,
  ),
)
[ info ] [ HEADER ] array (
  'host' => 'kaoqin.com',
  'connection' => 'keep-alive',
  'accept' => 'text/html,application/xhtml+xml,application/xml;q=0.9,image/webp,*/*;q=0.8',
  'upgrade-insecure-requests' => '1',
  'user-agent' => 'Mozilla/5.0 (Windows NT 6.1; WOW64) AppleWebKit/537.36 (KHTML, like Gecko) Chrome/45.0.2454.101 Safari/537.36',
  'referer' => 'http://kaoqin.com/',
  'accept-encoding' => 'gzip, deflate, sdch',
  'accept-language' => 'zh-CN,zh;q=0.8',
  'cookie' => 'pgv_pvi=2373441536; PHPSESSID=k67jv6tscqkmkvpaieb2sd0p92',
)
[ info ] [ PARAM ] array (
)
[ info ] [ SESSION ] INIT array (
  'id' => '',
  'var_session_id' => '',
  'prefix' => 'think',
  'type' => '',
  'auto_start' => true,
)
[ info ] [ RUN ] app\index\controller\Index->index[ F:\kaoqing\application\index\controller\Index.php ]
[ info ] [ VIEW ] ./public/static/index/index\index.html [ array (
  0 => 'user',
) ]
[ info ] [ LOG ] INIT File

---------------------------------------------------------------
[ 2017-03-29T23:35:36+08:00 ] 127.0.0.1 127.0.0.1 GET /index.php/Index/employee/index.html
[ log ] kaoqin.com/index.php/Index/employee/index.html [运行时间：0.104006s][吞吐率：9.61req/s] [内存消耗：2,437.36kb] [文件加载：56]
[ info ] [ LANG ] F:\kaoqing\thinkphp\lang\zh-cn.php
[ info ] [ ROUTE ] array (
  'type' => 'module',
  'module' => 
  array (
    0 => 'Index',
    1 => 'employee',
    2 => 'index',
  ),
)
[ info ] [ HEADER ] array (
  'host' => 'kaoqin.com',
  'connection' => 'keep-alive',
  'accept' => 'text/html,application/xhtml+xml,application/xml;q=0.9,image/webp,*/*;q=0.8',
  'upgrade-insecure-requests' => '1',
  'user-agent' => 'Mozilla/5.0 (Windows NT 6.1; WOW64) AppleWebKit/537.36 (KHTML, like Gecko) Chrome/45.0.2454.101 Safari/537.36',
  'referer' => 'http://kaoqin.com/index.php/Index/index',
  'accept-encoding' => 'gzip, deflate, sdch',
  'accept-language' => 'zh-CN,zh;q=0.8',
  'cookie' => 'pgv_pvi=2373441536; PHPSESSID=k67jv6tscqkmkvpaieb2sd0p92',
)
[ info ] [ PARAM ] array (
)
[ info ] [ SESSION ] INIT array (
  'id' => '',
  'var_session_id' => '',
  'prefix' => 'think',
  'type' => '',
  'auto_start' => true,
)
[ info ] [ RUN ] app\index\controller\Employee->index[ F:\kaoqing\application\index\controller\Employee.php ]
[ info ] [ DB ] INIT mysql
[ info ] [ VIEW ] ./public/static/index/employee\index.html [ array (
  0 => 'user',
  1 => 'emp',
) ]
[ info ] [ LOG ] INIT File
[ sql ] [ DB ] CONNECT:[ UseTime:0.019002s ] mysql:dbname=kaoqin;host=139.199.182.250;port=3306;charset=utf8
[ sql ] [ SQL ] SHOW COLUMNS FROM `employee` [ RunTime:0.011000s ]
[ sql ] [ SQL ] SELECT * FROM `employee` WHERE  `eId` = 10009 [ RunTime:0.010001s ]
[ sql ] [ SQL ] SHOW COLUMNS FROM `dept` [ RunTime:0.011001s ]
[ sql ] [ SQL ] SELECT `dName` FROM `dept` WHERE  `dId` = 1 LIMIT 1 [ RunTime:0.010000s ]

---------------------------------------------------------------
[ 2017-03-29T23:35:38+08:00 ] 127.0.0.1 127.0.0.1 GET /index.php/Index/employee/editpasswd.html
[ log ] kaoqin.com/index.php/Index/employee/editpasswd.html [运行时间：0.128007s][吞吐率：7.81req/s] [内存消耗：1,728.16kb] [文件加载：49]
[ info ] [ LANG ] F:\kaoqing\thinkphp\lang\zh-cn.php
[ info ] [ ROUTE ] array (
  'type' => 'module',
  'module' => 
  array (
    0 => 'Index',
    1 => 'employee',
    2 => 'editpasswd',
  ),
)
[ info ] [ HEADER ] array (
  'host' => 'kaoqin.com',
  'connection' => 'keep-alive',
  'accept' => 'text/html,application/xhtml+xml,application/xml;q=0.9,image/webp,*/*;q=0.8',
  'upgrade-insecure-requests' => '1',
  'user-agent' => 'Mozilla/5.0 (Windows NT 6.1; WOW64) AppleWebKit/537.36 (KHTML, like Gecko) Chrome/45.0.2454.101 Safari/537.36',
  'referer' => 'http://kaoqin.com/index.php/Index/employee/index.html',
  'accept-encoding' => 'gzip, deflate, sdch',
  'accept-language' => 'zh-CN,zh;q=0.8',
  'cookie' => 'pgv_pvi=2373441536; PHPSESSID=k67jv6tscqkmkvpaieb2sd0p92',
)
[ info ] [ PARAM ] array (
)
[ info ] [ SESSION ] INIT array (
  'id' => '',
  'var_session_id' => '',
  'prefix' => 'think',
  'type' => '',
  'auto_start' => true,
)
[ info ] [ RUN ] app\index\controller\Employee->editpasswd[ F:\kaoqing\application\index\controller\Employee.php ]
[ info ] [ VIEW ] ./public/static/index/employee\editpasswd.html [ array (
  0 => 'user',
) ]
[ info ] [ LOG ] INIT File

---------------------------------------------------------------
[ 2017-03-29T23:35:41+08:00 ] 127.0.0.1 127.0.0.1 GET /index.php/Index/leave/index.html
[ log ] kaoqin.com/index.php/Index/leave/index.html [运行时间：0.033002s][吞吐率：30.30req/s] [内存消耗：1,719.12kb] [文件加载：49]
[ info ] [ LANG ] F:\kaoqing\thinkphp\lang\zh-cn.php
[ info ] [ ROUTE ] array (
  'type' => 'module',
  'module' => 
  array (
    0 => 'Index',
    1 => 'leave',
    2 => 'index',
  ),
)
[ info ] [ HEADER ] array (
  'host' => 'kaoqin.com',
  'connection' => 'keep-alive',
  'accept' => 'text/html,application/xhtml+xml,application/xml;q=0.9,image/webp,*/*;q=0.8',
  'upgrade-insecure-requests' => '1',
  'user-agent' => 'Mozilla/5.0 (Windows NT 6.1; WOW64) AppleWebKit/537.36 (KHTML, like Gecko) Chrome/45.0.2454.101 Safari/537.36',
  'referer' => 'http://kaoqin.com/index.php/Index/employee/editpasswd.html',
  'accept-encoding' => 'gzip, deflate, sdch',
  'accept-language' => 'zh-CN,zh;q=0.8',
  'cookie' => 'pgv_pvi=2373441536; PHPSESSID=k67jv6tscqkmkvpaieb2sd0p92',
)
[ info ] [ PARAM ] array (
)
[ info ] [ SESSION ] INIT array (
  'id' => '',
  'var_session_id' => '',
  'prefix' => 'think',
  'type' => '',
  'auto_start' => true,
)
[ info ] [ RUN ] app\index\controller\Leave->index[ F:\kaoqing\application\index\controller\Leave.php ]
[ info ] [ VIEW ] ./public/static/index/leave\index.html [ array (
  0 => 'user',
) ]
[ info ] [ LOG ] INIT File

---------------------------------------------------------------
[ 2017-03-29T23:35:46+08:00 ] 127.0.0.1 127.0.0.1 GET /index.php/Index/leave/leavelist
[ log ] kaoqin.com/index.php/Index/leave/leavelist [运行时间：0.043002s][吞吐率：23.25req/s] [内存消耗：1,880.60kb] [文件加载：51]
[ info ] [ LANG ] F:\kaoqing\thinkphp\lang\zh-cn.php
[ info ] [ ROUTE ] array (
  'type' => 'module',
  'module' => 
  array (
    0 => 'Index',
    1 => 'leave',
    2 => 'leavelist',
  ),
)
[ info ] [ HEADER ] array (
  'host' => 'kaoqin.com',
  'connection' => 'keep-alive',
  'accept' => 'text/html,application/xhtml+xml,application/xml;q=0.9,image/webp,*/*;q=0.8',
  'upgrade-insecure-requests' => '1',
  'user-agent' => 'Mozilla/5.0 (Windows NT 6.1; WOW64) AppleWebKit/537.36 (KHTML, like Gecko) Chrome/45.0.2454.101 Safari/537.36',
  'accept-encoding' => 'gzip, deflate, sdch',
  'accept-language' => 'zh-CN,zh;q=0.8',
  'cookie' => 'pgv_pvi=2373441536; PHPSESSID=k67jv6tscqkmkvpaieb2sd0p92',
)
[ info ] [ PARAM ] array (
)
[ info ] [ SESSION ] INIT array (
  'id' => '',
  'var_session_id' => '',
  'prefix' => 'think',
  'type' => '',
  'auto_start' => true,
)
[ info ] [ RUN ] app\index\controller\Leave->leavelist[ F:\kaoqing\application\index\controller\Leave.php ]
[ info ] [ VIEW ] ./public/static/index/leave\leavelist.html [ array (
  0 => 'user',
) ]
[ info ] [ LOG ] INIT File

---------------------------------------------------------------
[ 2017-03-29T23:36:25+08:00 ] 127.0.0.1 127.0.0.1 GET /index.php/Index/leave/leavelist
[ log ] kaoqin.com/index.php/Index/leave/leavelist [运行时间：0.036002s][吞吐率：27.78req/s] [内存消耗：1,877.25kb] [文件加载：51]
[ info ] [ LANG ] F:\kaoqing\thinkphp\lang\zh-cn.php
[ info ] [ ROUTE ] array (
  'type' => 'module',
  'module' => 
  array (
    0 => 'Index',
    1 => 'leave',
    2 => 'leavelist',
  ),
)
[ info ] [ HEADER ] array (
  'host' => 'kaoqin.com',
  'connection' => 'keep-alive',
  'cache-control' => 'max-age=0',
  'accept' => 'text/html,application/xhtml+xml,application/xml;q=0.9,image/webp,*/*;q=0.8',
  'upgrade-insecure-requests' => '1',
  'user-agent' => 'Mozilla/5.0 (Windows NT 6.1; WOW64) AppleWebKit/537.36 (KHTML, like Gecko) Chrome/45.0.2454.101 Safari/537.36',
  'accept-encoding' => 'gzip, deflate, sdch',
  'accept-language' => 'zh-CN,zh;q=0.8',
  'cookie' => 'pgv_pvi=2373441536; PHPSESSID=k67jv6tscqkmkvpaieb2sd0p92',
)
[ info ] [ PARAM ] array (
)
[ info ] [ SESSION ] INIT array (
  'id' => '',
  'var_session_id' => '',
  'prefix' => 'think',
  'type' => '',
  'auto_start' => true,
)
[ info ] [ RUN ] app\index\controller\Leave->leavelist[ F:\kaoqing\application\index\controller\Leave.php ]
[ info ] [ VIEW ] ./public/static/index/leave\leavelist.html [ array (
  0 => 'user',
) ]
[ info ] [ LOG ] INIT File

---------------------------------------------------------------
[ 2017-03-29T23:37:17+08:00 ] 127.0.0.1 127.0.0.1 GET /index.php/Index/leave/leavelist
[ log ] kaoqin.com/index.php/Index/leave/leavelist [运行时间：0.031002s][吞吐率：32.26req/s] [内存消耗：1,877.25kb] [文件加载：51]
[ info ] [ LANG ] F:\kaoqing\thinkphp\lang\zh-cn.php
[ info ] [ ROUTE ] array (
  'type' => 'module',
  'module' => 
  array (
    0 => 'Index',
    1 => 'leave',
    2 => 'leavelist',
  ),
)
[ info ] [ HEADER ] array (
  'host' => 'kaoqin.com',
  'connection' => 'keep-alive',
  'cache-control' => 'max-age=0',
  'accept' => 'text/html,application/xhtml+xml,application/xml;q=0.9,image/webp,*/*;q=0.8',
  'upgrade-insecure-requests' => '1',
  'user-agent' => 'Mozilla/5.0 (Windows NT 6.1; WOW64) AppleWebKit/537.36 (KHTML, like Gecko) Chrome/45.0.2454.101 Safari/537.36',
  'accept-encoding' => 'gzip, deflate, sdch',
  'accept-language' => 'zh-CN,zh;q=0.8',
  'cookie' => 'pgv_pvi=2373441536; PHPSESSID=k67jv6tscqkmkvpaieb2sd0p92',
)
[ info ] [ PARAM ] array (
)
[ info ] [ SESSION ] INIT array (
  'id' => '',
  'var_session_id' => '',
  'prefix' => 'think',
  'type' => '',
  'auto_start' => true,
)
[ info ] [ RUN ] app\index\controller\Leave->leavelist[ F:\kaoqing\application\index\controller\Leave.php ]
[ info ] [ VIEW ] ./public/static/index/leave\leavelist.html [ array (
  0 => 'user',
) ]
[ info ] [ LOG ] INIT File

---------------------------------------------------------------
[ 2017-03-29T23:37:25+08:00 ] 127.0.0.1 127.0.0.1 GET /index.php/Index/leave/leavelist
[ log ] kaoqin.com/index.php/Index/leave/leavelist [运行时间：0.039002s][吞吐率：25.64req/s] [内存消耗：1,877.25kb] [文件加载：51]
[ info ] [ LANG ] F:\kaoqing\thinkphp\lang\zh-cn.php
[ info ] [ ROUTE ] array (
  'type' => 'module',
  'module' => 
  array (
    0 => 'Index',
    1 => 'leave',
    2 => 'leavelist',
  ),
)
[ info ] [ HEADER ] array (
  'host' => 'kaoqin.com',
  'connection' => 'keep-alive',
  'cache-control' => 'max-age=0',
  'accept' => 'text/html,application/xhtml+xml,application/xml;q=0.9,image/webp,*/*;q=0.8',
  'upgrade-insecure-requests' => '1',
  'user-agent' => 'Mozilla/5.0 (Windows NT 6.1; WOW64) AppleWebKit/537.36 (KHTML, like Gecko) Chrome/45.0.2454.101 Safari/537.36',
  'accept-encoding' => 'gzip, deflate, sdch',
  'accept-language' => 'zh-CN,zh;q=0.8',
  'cookie' => 'pgv_pvi=2373441536; PHPSESSID=k67jv6tscqkmkvpaieb2sd0p92',
)
[ info ] [ PARAM ] array (
)
[ info ] [ SESSION ] INIT array (
  'id' => '',
  'var_session_id' => '',
  'prefix' => 'think',
  'type' => '',
  'auto_start' => true,
)
[ info ] [ RUN ] app\index\controller\Leave->leavelist[ F:\kaoqing\application\index\controller\Leave.php ]
[ info ] [ VIEW ] ./public/static/index/leave\leavelist.html [ array (
  0 => 'user',
) ]
[ info ] [ LOG ] INIT File

---------------------------------------------------------------
[ 2017-03-29T23:38:33+08:00 ] 127.0.0.1 127.0.0.1 GET /index.php/Index/leave/leavelist
[ log ] kaoqin.com/index.php/Index/leave/leavelist [运行时间：0.032002s][吞吐率：31.25req/s] [内存消耗：1,877.51kb] [文件加载：51]
[ info ] [ LANG ] F:\kaoqing\thinkphp\lang\zh-cn.php
[ info ] [ ROUTE ] array (
  'type' => 'module',
  'module' => 
  array (
    0 => 'Index',
    1 => 'leave',
    2 => 'leavelist',
  ),
)
[ info ] [ HEADER ] array (
  'host' => 'kaoqin.com',
  'connection' => 'keep-alive',
  'cache-control' => 'max-age=0',
  'accept' => 'text/html,application/xhtml+xml,application/xml;q=0.9,image/webp,*/*;q=0.8',
  'upgrade-insecure-requests' => '1',
  'user-agent' => 'Mozilla/5.0 (Windows NT 6.1; WOW64) AppleWebKit/537.36 (KHTML, like Gecko) Chrome/45.0.2454.101 Safari/537.36',
  'accept-encoding' => 'gzip, deflate, sdch',
  'accept-language' => 'zh-CN,zh;q=0.8',
  'cookie' => 'pgv_pvi=2373441536; PHPSESSID=k67jv6tscqkmkvpaieb2sd0p92',
)
[ info ] [ PARAM ] array (
)
[ info ] [ SESSION ] INIT array (
  'id' => '',
  'var_session_id' => '',
  'prefix' => 'think',
  'type' => '',
  'auto_start' => true,
)
[ info ] [ RUN ] app\index\controller\Leave->leavelist[ F:\kaoqing\application\index\controller\Leave.php ]
[ info ] [ VIEW ] ./public/static/index/leave\leavelist.html [ array (
  0 => 'user',
) ]
[ info ] [ LOG ] INIT File

---------------------------------------------------------------
[ 2017-03-29T23:38:40+08:00 ] 127.0.0.1 127.0.0.1 GET /index.php/Index/leave/leavelist
[ log ] kaoqin.com/index.php/Index/leave/leavelist [运行时间：0.052002s][吞吐率：19.23req/s] [内存消耗：1,877.51kb] [文件加载：51]
[ info ] [ LANG ] F:\kaoqing\thinkphp\lang\zh-cn.php
[ info ] [ ROUTE ] array (
  'type' => 'module',
  'module' => 
  array (
    0 => 'Index',
    1 => 'leave',
    2 => 'leavelist',
  ),
)
[ info ] [ HEADER ] array (
  'host' => 'kaoqin.com',
  'connection' => 'keep-alive',
  'cache-control' => 'max-age=0',
  'accept' => 'text/html,application/xhtml+xml,application/xml;q=0.9,image/webp,*/*;q=0.8',
  'upgrade-insecure-requests' => '1',
  'user-agent' => 'Mozilla/5.0 (Windows NT 6.1; WOW64) AppleWebKit/537.36 (KHTML, like Gecko) Chrome/45.0.2454.101 Safari/537.36',
  'accept-encoding' => 'gzip, deflate, sdch',
  'accept-language' => 'zh-CN,zh;q=0.8',
  'cookie' => 'pgv_pvi=2373441536; PHPSESSID=k67jv6tscqkmkvpaieb2sd0p92',
)
[ info ] [ PARAM ] array (
)
[ info ] [ SESSION ] INIT array (
  'id' => '',
  'var_session_id' => '',
  'prefix' => 'think',
  'type' => '',
  'auto_start' => true,
)
[ info ] [ RUN ] app\index\controller\Leave->leavelist[ F:\kaoqing\application\index\controller\Leave.php ]
[ info ] [ VIEW ] ./public/static/index/leave\leavelist.html [ array (
  0 => 'user',
) ]
[ info ] [ LOG ] INIT File

---------------------------------------------------------------
[ 2017-03-29T23:38:43+08:00 ] 127.0.0.1 127.0.0.1 GET /index.php/Index/leave/leavelist
[ log ] kaoqin.com/index.php/Index/leave/leavelist [运行时间：0.061004s][吞吐率：16.39req/s] [内存消耗：1,719.09kb] [文件加载：49]
[ info ] [ LANG ] F:\kaoqing\thinkphp\lang\zh-cn.php
[ info ] [ ROUTE ] array (
  'type' => 'module',
  'module' => 
  array (
    0 => 'Index',
    1 => 'leave',
    2 => 'leavelist',
  ),
)
[ info ] [ HEADER ] array (
  'host' => 'kaoqin.com',
  'connection' => 'keep-alive',
  'cache-control' => 'max-age=0',
  'accept' => 'text/html,application/xhtml+xml,application/xml;q=0.9,image/webp,*/*;q=0.8',
  'upgrade-insecure-requests' => '1',
  'user-agent' => 'Mozilla/5.0 (Windows NT 6.1; WOW64) AppleWebKit/537.36 (KHTML, like Gecko) Chrome/45.0.2454.101 Safari/537.36',
  'accept-encoding' => 'gzip, deflate, sdch',
  'accept-language' => 'zh-CN,zh;q=0.8',
  'cookie' => 'pgv_pvi=2373441536; PHPSESSID=k67jv6tscqkmkvpaieb2sd0p92',
)
[ info ] [ PARAM ] array (
)
[ info ] [ SESSION ] INIT array (
  'id' => '',
  'var_session_id' => '',
  'prefix' => 'think',
  'type' => '',
  'auto_start' => true,
)
[ info ] [ RUN ] app\index\controller\Leave->leavelist[ F:\kaoqing\application\index\controller\Leave.php ]
[ info ] [ VIEW ] ./public/static/index/leave\leavelist.html [ array (
  0 => 'user',
) ]
[ info ] [ LOG ] INIT File

---------------------------------------------------------------
[ 2017-03-29T23:38:52+08:00 ] 127.0.0.1 127.0.0.1 GET /index.php/Index/leave/leavelist
[ log ] kaoqin.com/index.php/Index/leave/leavelist [运行时间：0.035002s][吞吐率：28.57req/s] [内存消耗：1,877.51kb] [文件加载：51]
[ info ] [ LANG ] F:\kaoqing\thinkphp\lang\zh-cn.php
[ info ] [ ROUTE ] array (
  'type' => 'module',
  'module' => 
  array (
    0 => 'Index',
    1 => 'leave',
    2 => 'leavelist',
  ),
)
[ info ] [ HEADER ] array (
  'host' => 'kaoqin.com',
  'connection' => 'keep-alive',
  'cache-control' => 'max-age=0',
  'accept' => 'text/html,application/xhtml+xml,application/xml;q=0.9,image/webp,*/*;q=0.8',
  'upgrade-insecure-requests' => '1',
  'user-agent' => 'Mozilla/5.0 (Windows NT 6.1; WOW64) AppleWebKit/537.36 (KHTML, like Gecko) Chrome/45.0.2454.101 Safari/537.36',
  'accept-encoding' => 'gzip, deflate, sdch',
  'accept-language' => 'zh-CN,zh;q=0.8',
  'cookie' => 'pgv_pvi=2373441536; PHPSESSID=k67jv6tscqkmkvpaieb2sd0p92',
)
[ info ] [ PARAM ] array (
)
[ info ] [ SESSION ] INIT array (
  'id' => '',
  'var_session_id' => '',
  'prefix' => 'think',
  'type' => '',
  'auto_start' => true,
)
[ info ] [ RUN ] app\index\controller\Leave->leavelist[ F:\kaoqing\application\index\controller\Leave.php ]
[ info ] [ VIEW ] ./public/static/index/leave\leavelist.html [ array (
  0 => 'user',
) ]
[ info ] [ LOG ] INIT File

---------------------------------------------------------------
[ 2017-03-29T23:39:17+08:00 ] 127.0.0.1 127.0.0.1 GET /index.php/Index/leave/leavelist
[ log ] kaoqin.com/index.php/Index/leave/leavelist [运行时间：0.037002s][吞吐率：27.03req/s] [内存消耗：1,877.53kb] [文件加载：51]
[ info ] [ LANG ] F:\kaoqing\thinkphp\lang\zh-cn.php
[ info ] [ ROUTE ] array (
  'type' => 'module',
  'module' => 
  array (
    0 => 'Index',
    1 => 'leave',
    2 => 'leavelist',
  ),
)
[ info ] [ HEADER ] array (
  'host' => 'kaoqin.com',
  'connection' => 'keep-alive',
  'cache-control' => 'max-age=0',
  'accept' => 'text/html,application/xhtml+xml,application/xml;q=0.9,image/webp,*/*;q=0.8',
  'upgrade-insecure-requests' => '1',
  'user-agent' => 'Mozilla/5.0 (Windows NT 6.1; WOW64) AppleWebKit/537.36 (KHTML, like Gecko) Chrome/45.0.2454.101 Safari/537.36',
  'accept-encoding' => 'gzip, deflate, sdch',
  'accept-language' => 'zh-CN,zh;q=0.8',
  'cookie' => 'pgv_pvi=2373441536; PHPSESSID=k67jv6tscqkmkvpaieb2sd0p92',
)
[ info ] [ PARAM ] array (
)
[ info ] [ SESSION ] INIT array (
  'id' => '',
  'var_session_id' => '',
  'prefix' => 'think',
  'type' => '',
  'auto_start' => true,
)
[ info ] [ RUN ] app\index\controller\Leave->leavelist[ F:\kaoqing\application\index\controller\Leave.php ]
[ info ] [ VIEW ] ./public/static/index/leave\leavelist.html [ array (
  0 => 'user',
) ]
[ info ] [ LOG ] INIT File

---------------------------------------------------------------
[ 2017-03-29T23:39:35+08:00 ] 127.0.0.1 127.0.0.1 GET /index.php/Index/leave/leavelist
[ log ] kaoqin.com/index.php/Index/leave/leavelist [运行时间：0.037002s][吞吐率：27.03req/s] [内存消耗：1,876.80kb] [文件加载：51]
[ info ] [ LANG ] F:\kaoqing\thinkphp\lang\zh-cn.php
[ info ] [ ROUTE ] array (
  'type' => 'module',
  'module' => 
  array (
    0 => 'Index',
    1 => 'leave',
    2 => 'leavelist',
  ),
)
[ info ] [ HEADER ] array (
  'host' => 'kaoqin.com',
  'connection' => 'keep-alive',
  'cache-control' => 'max-age=0',
  'accept' => 'text/html,application/xhtml+xml,application/xml;q=0.9,image/webp,*/*;q=0.8',
  'upgrade-insecure-requests' => '1',
  'user-agent' => 'Mozilla/5.0 (Windows NT 6.1; WOW64) AppleWebKit/537.36 (KHTML, like Gecko) Chrome/45.0.2454.101 Safari/537.36',
  'accept-encoding' => 'gzip, deflate, sdch',
  'accept-language' => 'zh-CN,zh;q=0.8',
  'cookie' => 'pgv_pvi=2373441536; PHPSESSID=k67jv6tscqkmkvpaieb2sd0p92',
)
[ info ] [ PARAM ] array (
)
[ info ] [ SESSION ] INIT array (
  'id' => '',
  'var_session_id' => '',
  'prefix' => 'think',
  'type' => '',
  'auto_start' => true,
)
[ info ] [ RUN ] app\index\controller\Leave->leavelist[ F:\kaoqing\application\index\controller\Leave.php ]
[ info ] [ VIEW ] ./public/static/index/leave\leavelist.html [ array (
  0 => 'user',
) ]
[ info ] [ LOG ] INIT File

---------------------------------------------------------------
[ 2017-03-29T23:49:17+08:00 ] 127.0.0.1 127.0.0.1 GET /index.php/Index/leave/leavelist
[ log ] kaoqin.com/index.php/Index/leave/leavelist [运行时间：0.036002s][吞吐率：27.78req/s] [内存消耗：1,719.09kb] [文件加载：49]
[ info ] [ LANG ] F:\kaoqing\thinkphp\lang\zh-cn.php
[ info ] [ ROUTE ] array (
  'type' => 'module',
  'module' => 
  array (
    0 => 'Index',
    1 => 'leave',
    2 => 'leavelist',
  ),
)
[ info ] [ HEADER ] array (
  'host' => 'kaoqin.com',
  'connection' => 'keep-alive',
  'cache-control' => 'max-age=0',
  'accept' => 'text/html,application/xhtml+xml,application/xml;q=0.9,image/webp,*/*;q=0.8',
  'upgrade-insecure-requests' => '1',
  'user-agent' => 'Mozilla/5.0 (Windows NT 6.1; WOW64) AppleWebKit/537.36 (KHTML, like Gecko) Chrome/45.0.2454.101 Safari/537.36',
  'accept-encoding' => 'gzip, deflate, sdch',
  'accept-language' => 'zh-CN,zh;q=0.8',
  'cookie' => 'pgv_pvi=2373441536; PHPSESSID=k67jv6tscqkmkvpaieb2sd0p92',
)
[ info ] [ PARAM ] array (
)
[ info ] [ SESSION ] INIT array (
  'id' => '',
  'var_session_id' => '',
  'prefix' => 'think',
  'type' => '',
  'auto_start' => true,
)
[ info ] [ RUN ] app\index\controller\Leave->leavelist[ F:\kaoqing\application\index\controller\Leave.php ]
[ info ] [ VIEW ] ./public/static/index/leave\leavelist.html [ array (
  0 => 'user',
) ]
[ info ] [ LOG ] INIT File

---------------------------------------------------------------
[ 2017-03-29T23:49:27+08:00 ] 127.0.0.1 127.0.0.1 GET /index.php/Index/leave/leavelist
[ log ] kaoqin.com/index.php/Index/leave/leavelist [运行时间：0.034002s][吞吐率：29.41req/s] [内存消耗：1,876.62kb] [文件加载：51]
[ info ] [ LANG ] F:\kaoqing\thinkphp\lang\zh-cn.php
[ info ] [ ROUTE ] array (
  'type' => 'module',
  'module' => 
  array (
    0 => 'Index',
    1 => 'leave',
    2 => 'leavelist',
  ),
)
[ info ] [ HEADER ] array (
  'host' => 'kaoqin.com',
  'connection' => 'keep-alive',
  'cache-control' => 'max-age=0',
  'accept' => 'text/html,application/xhtml+xml,application/xml;q=0.9,image/webp,*/*;q=0.8',
  'upgrade-insecure-requests' => '1',
  'user-agent' => 'Mozilla/5.0 (Windows NT 6.1; WOW64) AppleWebKit/537.36 (KHTML, like Gecko) Chrome/45.0.2454.101 Safari/537.36',
  'accept-encoding' => 'gzip, deflate, sdch',
  'accept-language' => 'zh-CN,zh;q=0.8',
  'cookie' => 'pgv_pvi=2373441536; PHPSESSID=k67jv6tscqkmkvpaieb2sd0p92',
)
[ info ] [ PARAM ] array (
)
[ info ] [ SESSION ] INIT array (
  'id' => '',
  'var_session_id' => '',
  'prefix' => 'think',
  'type' => '',
  'auto_start' => true,
)
[ info ] [ RUN ] app\index\controller\Leave->leavelist[ F:\kaoqing\application\index\controller\Leave.php ]
[ info ] [ VIEW ] ./public/static/index/leave\leavelist.html [ array (
  0 => 'user',
) ]
[ info ] [ LOG ] INIT File

---------------------------------------------------------------
[ 2017-03-29T23:51:37+08:00 ] 127.0.0.1 127.0.0.1 GET /index.php/Index/leave/leavelist
[ log ] kaoqin.com/index.php/Index/leave/leavelist [运行时间：0.034002s][吞吐率：29.41req/s] [内存消耗：1,875.53kb] [文件加载：51]
[ info ] [ LANG ] F:\kaoqing\thinkphp\lang\zh-cn.php
[ info ] [ ROUTE ] array (
  'type' => 'module',
  'module' => 
  array (
    0 => 'Index',
    1 => 'leave',
    2 => 'leavelist',
  ),
)
[ info ] [ HEADER ] array (
  'host' => 'kaoqin.com',
  'connection' => 'keep-alive',
  'cache-control' => 'max-age=0',
  'accept' => 'text/html,application/xhtml+xml,application/xml;q=0.9,image/webp,*/*;q=0.8',
  'upgrade-insecure-requests' => '1',
  'user-agent' => 'Mozilla/5.0 (Windows NT 6.1; WOW64) AppleWebKit/537.36 (KHTML, like Gecko) Chrome/45.0.2454.101 Safari/537.36',
  'accept-encoding' => 'gzip, deflate, sdch',
  'accept-language' => 'zh-CN,zh;q=0.8',
  'cookie' => 'pgv_pvi=2373441536; PHPSESSID=k67jv6tscqkmkvpaieb2sd0p92',
)
[ info ] [ PARAM ] array (
)
[ info ] [ SESSION ] INIT array (
  'id' => '',
  'var_session_id' => '',
  'prefix' => 'think',
  'type' => '',
  'auto_start' => true,
)
[ info ] [ RUN ] app\index\controller\Leave->leavelist[ F:\kaoqing\application\index\controller\Leave.php ]
[ info ] [ VIEW ] ./public/static/index/leave\leavelist.html [ array (
  0 => 'user',
) ]
[ info ] [ LOG ] INIT File

---------------------------------------------------------------
